Tue Oct 25 04:10:16 CDT 2016 BEGIN EXECUTION ./do_obtain_analyse_files.sh
LOCK - Tue Oct 25 09:10:19 UTC 2016 lock  /grid/data/dune/LOCK/LOCKS/20161025.09:10:19.1.fnpc4130.1292552.wallbank.wallbank
LOCK - Tue Oct 25 09:10:20 UTC 2016 freed /grid/data/dune/LOCK/LOCKS/20161025.09:10:19.1.fnpc4130.1292552.wallbank.wallbank
touch: cannot touch `/pnfs/dune/persistent/users/wallbank/Sliced_And_Filtered/EW_300/014427': No such file or directory
mkdir: cannot create directory `/pnfs/dune/persistent/users/wallbank/Sliced_And_Filtered/EW_300/014427': No such file or directory
LOCK - Tue Oct 25 09:10:20 UTC 2016 lock  /grid/data/dune/LOCK/LOCKS/20161025.09:10:20.0.fnpc4130.1292877.wallbank.wallbank

error: globus_xio: Unable to open file /storage/local/data1/condor/execute/dir_4091210/glide_HH6F9k/execute/dir_1291170/no_xfer/014427/.
globus_xio: System error in open: Is a directory
globus_xio: A system call failed: Is a directory
LOCK - Tue Oct 25 09:10:21 UTC 2016 freed /grid/data/dune/LOCK/LOCKS/20161025.09:10:20.0.fnpc4130.1292877.wallbank.wallbank
program: globus-url-copy -rst-retries 1 -gridftp2 -nodcau -restart -stall-timeout 14400  gsiftp://fg-bestman1.fnal.gov:2811/dune/app/users/wallbank/larsoft-base/workspace/35tanalysis/RunSplitterDefault.fcl file:////storage/local/data1/condor/execute/dir_4091210/glide_HH6F9k/execute/dir_1291170/no_xfer/014427/.exited status 1
delaying 46 ...
retrying...
LOCK - Tue Oct 25 09:11:07 UTC 2016 lock  /grid/data/dune/LOCK/LOCKS/20161025.09:11:07.0.fnpc4130.1292877.wallbank.wallbank

error: globus_xio: Unable to open file /storage/local/data1/condor/execute/dir_4091210/glide_HH6F9k/execute/dir_1291170/no_xfer/014427/.
globus_xio: System error in open: Is a directory
globus_xio: A system call failed: Is a directory
LOCK - Tue Oct 25 09:11:07 UTC 2016 freed /grid/data/dune/LOCK/LOCKS/20161025.09:11:07.0.fnpc4130.1292877.wallbank.wallbank
program: globus-url-copy -rst-retries 1 -gridftp2 -nodcau -restart -stall-timeout 14400  gsiftp://fg-bestman1.fnal.gov:2811/dune/app/users/wallbank/larsoft-base/workspace/35tanalysis/RunSplitterDefault.fcl file:////storage/local/data1/condor/execute/dir_4091210/glide_HH6F9k/execute/dir_1291170/no_xfer/014427/.exited status 1
delaying 45 ...
retrying...
LOCK - Tue Oct 25 09:11:53 UTC 2016 lock  /grid/data/dune/LOCK/LOCKS/20161025.09:11:53.0.fnpc4130.1292877.wallbank.wallbank

error: globus_xio: Unable to open file /storage/local/data1/condor/execute/dir_4091210/glide_HH6F9k/execute/dir_1291170/no_xfer/014427/.
globus_xio: System error in open: Is a directory
globus_xio: A system call failed: Is a directory
LOCK - Tue Oct 25 09:11:53 UTC 2016 freed /grid/data/dune/LOCK/LOCKS/20161025.09:11:53.0.fnpc4130.1292877.wallbank.wallbank
program: globus-url-copy -rst-retries 1 -gridftp2 -nodcau -restart -stall-timeout 14400  gsiftp://fg-bestman1.fnal.gov:2811/dune/app/users/wallbank/larsoft-base/workspace/35tanalysis/RunSplitterDefault.fcl file:////storage/local/data1/condor/execute/dir_4091210/glide_HH6F9k/execute/dir_1291170/no_xfer/014427/.exited status 1
delaying 10 ...
retrying...
LOCK - Tue Oct 25 09:12:03 UTC 2016 lock  /grid/data/dune/LOCK/LOCKS/20161025.09:12:03.0.fnpc4130.1292877.wallbank.wallbank

error: globus_xio: Unable to open file /storage/local/data1/condor/execute/dir_4091210/glide_HH6F9k/execute/dir_1291170/no_xfer/014427/.
globus_xio: System error in open: Is a directory
globus_xio: A system call failed: Is a directory
LOCK - Tue Oct 25 09:12:04 UTC 2016 freed /grid/data/dune/LOCK/LOCKS/20161025.09:12:03.0.fnpc4130.1292877.wallbank.wallbank
program: globus-url-copy -rst-retries 1 -gridftp2 -nodcau -restart -stall-timeout 14400  gsiftp://fg-bestman1.fnal.gov:2811/dune/app/users/wallbank/larsoft-base/workspace/35tanalysis/RunSplitterDefault.fcl file:////storage/local/data1/condor/execute/dir_4091210/glide_HH6F9k/execute/dir_1291170/no_xfer/014427/.exited status 1
delaying 303 ...
retrying...
LOCK - Tue Oct 25 09:17:07 UTC 2016 lock  /grid/data/dune/LOCK/LOCKS/20161025.09:17:07.0.fnpc4130.1292877.wallbank.wallbank

error: globus_xio: Unable to open file /storage/local/data1/condor/execute/dir_4091210/glide_HH6F9k/execute/dir_1291170/no_xfer/014427/.
globus_xio: System error in open: Is a directory
globus_xio: A system call failed: Is a directory
LOCK - Tue Oct 25 09:17:08 UTC 2016 freed /grid/data/dune/LOCK/LOCKS/20161025.09:17:07.0.fnpc4130.1292877.wallbank.wallbank
program: globus-url-copy -rst-retries 1 -gridftp2 -nodcau -restart -stall-timeout 14400  gsiftp://fg-bestman1.fnal.gov:2811/dune/app/users/wallbank/larsoft-base/workspace/35tanalysis/RunSplitterDefault.fcl file:////storage/local/data1/condor/execute/dir_4091210/glide_HH6F9k/execute/dir_1291170/no_xfer/014427/.exited status 1
delaying 840 ...
retrying...
LOCK - Tue Oct 25 09:31:08 UTC 2016 lock  /grid/data/dune/LOCK/LOCKS/20161025.09:31:08.0.fnpc4130.1292877.wallbank.wallbank

error: globus_xio: Unable to open file /storage/local/data1/condor/execute/dir_4091210/glide_HH6F9k/execute/dir_1291170/no_xfer/014427/.
globus_xio: System error in open: Is a directory
globus_xio: A system call failed: Is a directory
LOCK - Tue Oct 25 09:31:08 UTC 2016 freed /grid/data/dune/LOCK/LOCKS/20161025.09:31:08.0.fnpc4130.1292877.wallbank.wallbank
program: globus-url-copy -rst-retries 1 -gridftp2 -nodcau -restart -stall-timeout 14400  gsiftp://fg-bestman1.fnal.gov:2811/dune/app/users/wallbank/larsoft-base/workspace/35tanalysis/RunSplitterDefault.fcl file:////storage/local/data1/condor/execute/dir_4091210/glide_HH6F9k/execute/dir_1291170/no_xfer/014427/.exited status 1
delaying 572 ...
retrying...
LOCK - Tue Oct 25 09:40:41 UTC 2016 lock  /grid/data/dune/LOCK/LOCKS/20161025.09:40:41.0.fnpc4130.1292877.wallbank.wallbank

error: globus_xio: Unable to open file /storage/local/data1/condor/execute/dir_4091210/glide_HH6F9k/execute/dir_1291170/no_xfer/014427/.
globus_xio: System error in open: Is a directory
globus_xio: A system call failed: Is a directory
LOCK - Tue Oct 25 09:40:41 UTC 2016 freed /grid/data/dune/LOCK/LOCKS/20161025.09:40:41.0.fnpc4130.1292877.wallbank.wallbank
program: globus-url-copy -rst-retries 1 -gridftp2 -nodcau -restart -stall-timeout 14400  gsiftp://fg-bestman1.fnal.gov:2811/dune/app/users/wallbank/larsoft-base/workspace/35tanalysis/RunSplitterDefault.fcl file:////storage/local/data1/condor/execute/dir_4091210/glide_HH6F9k/execute/dir_1291170/no_xfer/014427/.exited status 1
delaying 116 ...
retrying...
LOCK - Tue Oct 25 09:42:38 UTC 2016 lock  /grid/data/dune/LOCK/LOCKS/20161025.09:42:38.1.fnpc4130.1292877.wallbank.wallbank

error: globus_xio: Unable to open file /storage/local/data1/condor/execute/dir_4091210/glide_HH6F9k/execute/dir_1291170/no_xfer/014427/.
globus_xio: System error in open: Is a directory
globus_xio: A system call failed: Is a directory
LOCK - Tue Oct 25 09:42:38 UTC 2016 freed /grid/data/dune/LOCK/LOCKS/20161025.09:42:38.1.fnpc4130.1292877.wallbank.wallbank
ifdh cp failed at: Tue Oct 25 04:42:38 2016

LOCK - Tue Oct 25 09:42:38 UTC 2016 lock  /grid/data/dune/LOCK/LOCKS/20161025.09:42:38.0.fnpc4130.1356759.wallbank.wallbank

error: globus_xio: Unable to open file /storage/local/data1/condor/execute/dir_4091210/glide_HH6F9k/execute/dir_1291170/no_xfer/014427/.
globus_xio: System error in open: Is a directory
globus_xio: A system call failed: Is a directory
LOCK - Tue Oct 25 09:42:39 UTC 2016 freed /grid/data/dune/LOCK/LOCKS/20161025.09:42:38.0.fnpc4130.1356759.wallbank.wallbank
program: globus-url-copy -rst-retries 1 -gridftp2 -nodcau -restart -stall-timeout 14400  gsiftp://fg-bestman1.fnal.gov:2811/dune/app/users/wallbank/larsoft-base/workspace/35tanalysis/SliceAndFilter.fcl file:////storage/local/data1/condor/execute/dir_4091210/glide_HH6F9k/execute/dir_1291170/no_xfer/014427/.exited status 1
delaying 54 ...
retrying...
LOCK - Tue Oct 25 09:43:33 UTC 2016 lock  /grid/data/dune/LOCK/LOCKS/20161025.09:43:33.0.fnpc4130.1356759.wallbank.wallbank

error: globus_xio: Unable to open file /storage/local/data1/condor/execute/dir_4091210/glide_HH6F9k/execute/dir_1291170/no_xfer/014427/.
globus_xio: System error in open: Is a directory
globus_xio: A system call failed: Is a directory
LOCK - Tue Oct 25 09:43:33 UTC 2016 freed /grid/data/dune/LOCK/LOCKS/20161025.09:43:33.0.fnpc4130.1356759.wallbank.wallbank
program: globus-url-copy -rst-retries 1 -gridftp2 -nodcau -restart -stall-timeout 14400  gsiftp://fg-bestman1.fnal.gov:2811/dune/app/users/wallbank/larsoft-base/workspace/35tanalysis/SliceAndFilter.fcl file:////storage/local/data1/condor/execute/dir_4091210/glide_HH6F9k/execute/dir_1291170/no_xfer/014427/.exited status 1
delaying 96 ...
retrying...
LOCK - Tue Oct 25 09:45:10 UTC 2016 lock  /grid/data/dune/LOCK/LOCKS/20161025.09:45:10.0.fnpc4130.1356759.wallbank.wallbank

error: globus_xio: Unable to open file /storage/local/data1/condor/execute/dir_4091210/glide_HH6F9k/execute/dir_1291170/no_xfer/014427/.
globus_xio: System error in open: Is a directory
globus_xio: A system call failed: Is a directory
LOCK - Tue Oct 25 09:45:10 UTC 2016 freed /grid/data/dune/LOCK/LOCKS/20161025.09:45:10.0.fnpc4130.1356759.wallbank.wallbank
program: globus-url-copy -rst-retries 1 -gridftp2 -nodcau -restart -stall-timeout 14400  gsiftp://fg-bestman1.fnal.gov:2811/dune/app/users/wallbank/larsoft-base/workspace/35tanalysis/SliceAndFilter.fcl file:////storage/local/data1/condor/execute/dir_4091210/glide_HH6F9k/execute/dir_1291170/no_xfer/014427/.exited status 1
delaying 114 ...
retrying...
LOCK - Tue Oct 25 09:47:04 UTC 2016 lock  /grid/data/dune/LOCK/LOCKS/20161025.09:47:04.0.fnpc4130.1356759.wallbank.wallbank

error: globus_xio: Unable to open file /storage/local/data1/condor/execute/dir_4091210/glide_HH6F9k/execute/dir_1291170/no_xfer/014427/.
globus_xio: System error in open: Is a directory
globus_xio: A system call failed: Is a directory
LOCK - Tue Oct 25 09:47:05 UTC 2016 freed /grid/data/dune/LOCK/LOCKS/20161025.09:47:04.0.fnpc4130.1356759.wallbank.wallbank
program: globus-url-copy -rst-retries 1 -gridftp2 -nodcau -restart -stall-timeout 14400  gsiftp://fg-bestman1.fnal.gov:2811/dune/app/users/wallbank/larsoft-base/workspace/35tanalysis/SliceAndFilter.fcl file:////storage/local/data1/condor/execute/dir_4091210/glide_HH6F9k/execute/dir_1291170/no_xfer/014427/.exited status 1
delaying 160 ...
retrying...
LOCK - Tue Oct 25 09:49:45 UTC 2016 lock  /grid/data/dune/LOCK/LOCKS/20161025.09:49:45.0.fnpc4130.1356759.wallbank.wallbank

error: globus_xio: Unable to open file /storage/local/data1/condor/execute/dir_4091210/glide_HH6F9k/execute/dir_1291170/no_xfer/014427/.
globus_xio: System error in open: Is a directory
globus_xio: A system call failed: Is a directory
LOCK - Tue Oct 25 09:49:45 UTC 2016 freed /grid/data/dune/LOCK/LOCKS/20161025.09:49:45.0.fnpc4130.1356759.wallbank.wallbank
program: globus-url-copy -rst-retries 1 -gridftp2 -nodcau -restart -stall-timeout 14400  gsiftp://fg-bestman1.fnal.gov:2811/dune/app/users/wallbank/larsoft-base/workspace/35tanalysis/SliceAndFilter.fcl file:////storage/local/data1/condor/execute/dir_4091210/glide_HH6F9k/execute/dir_1291170/no_xfer/014427/.exited status 1
delaying 729 ...
retrying...
LOCK - Tue Oct 25 10:01:57 UTC 2016 lock  /grid/data/dune/LOCK/LOCKS/20161025.10:01:57.0.fnpc4130.1356759.wallbank.wallbank

error: globus_xio: Unable to open file /storage/local/data1/condor/execute/dir_4091210/glide_HH6F9k/execute/dir_1291170/no_xfer/014427/.
globus_xio: System error in open: Is a directory
globus_xio: A system call failed: Is a directory
LOCK - Tue Oct 25 10:01:57 UTC 2016 freed /grid/data/dune/LOCK/LOCKS/20161025.10:01:57.0.fnpc4130.1356759.wallbank.wallbank
program: globus-url-copy -rst-retries 1 -gridftp2 -nodcau -restart -stall-timeout 14400  gsiftp://fg-bestman1.fnal.gov:2811/dune/app/users/wallbank/larsoft-base/workspace/35tanalysis/SliceAndFilter.fcl file:////storage/local/data1/condor/execute/dir_4091210/glide_HH6F9k/execute/dir_1291170/no_xfer/014427/.exited status 1
delaying 722 ...
retrying...
LOCK - Tue Oct 25 10:14:00 UTC 2016 lock  /grid/data/dune/LOCK/LOCKS/20161025.10:14:00.0.fnpc4130.1356759.wallbank.wallbank

error: globus_xio: Unable to open file /storage/local/data1/condor/execute/dir_4091210/glide_HH6F9k/execute/dir_1291170/no_xfer/014427/.
globus_xio: System error in open: Is a directory
globus_xio: A system call failed: Is a directory
LOCK - Tue Oct 25 10:14:00 UTC 2016 freed /grid/data/dune/LOCK/LOCKS/20161025.10:14:00.0.fnpc4130.1356759.wallbank.wallbank
program: globus-url-copy -rst-retries 1 -gridftp2 -nodcau -restart -stall-timeout 14400  gsiftp://fg-bestman1.fnal.gov:2811/dune/app/users/wallbank/larsoft-base/workspace/35tanalysis/SliceAndFilter.fcl file:////storage/local/data1/condor/execute/dir_4091210/glide_HH6F9k/execute/dir_1291170/no_xfer/014427/.exited status 1
delaying 3363 ...
retrying...
LOCK - Tue Oct 25 11:10:03 UTC 2016 lock  /grid/data/dune/LOCK/LOCKS/20161025.11:10:03.0.fnpc4130.1356759.wallbank.wallbank

error: globus_xio: Unable to open file /storage/local/data1/condor/execute/dir_4091210/glide_HH6F9k/execute/dir_1291170/no_xfer/014427/.
globus_xio: System error in open: Is a directory
globus_xio: A system call failed: Is a directory
LOCK - Tue Oct 25 11:10:04 UTC 2016 freed /grid/data/dune/LOCK/LOCKS/20161025.11:10:03.0.fnpc4130.1356759.wallbank.wallbank
ifdh cp failed at: Tue Oct 25 06:10:04 2016

LOCK - Tue Oct 25 11:10:04 UTC 2016 lock  /grid/data/dune/LOCK/LOCKS/20161025.11:10:04.0.fnpc4130.1434666.wallbank.wallbank

error: globus_xio: Unable to open file /storage/local/data1/condor/execute/dir_4091210/glide_HH6F9k/execute/dir_1291170/no_xfer/014427/.
globus_xio: System error in open: Is a directory
globus_xio: A system call failed: Is a directory
LOCK - Tue Oct 25 11:10:05 UTC 2016 freed /grid/data/dune/LOCK/LOCKS/20161025.11:10:04.0.fnpc4130.1434666.wallbank.wallbank
program: globus-url-copy -rst-retries 1 -gridftp2 -nodcau -restart -stall-timeout 14400  gsiftp://fg-bestman1.fnal.gov:2811/dune/app/users/wallbank/larsoft-base/workspace/35tanalysis/reco_dune35tdata.fcl file:////storage/local/data1/condor/execute/dir_4091210/glide_HH6F9k/execute/dir_1291170/no_xfer/014427/.exited status 1
delaying 20 ...
retrying...
LOCK - Tue Oct 25 11:10:25 UTC 2016 lock  /grid/data/dune/LOCK/LOCKS/20161025.11:10:25.0.fnpc4130.1434666.wallbank.wallbank

error: globus_xio: Unable to open file /storage/local/data1/condor/execute/dir_4091210/glide_HH6F9k/execute/dir_1291170/no_xfer/014427/.
globus_xio: System error in open: Is a directory
globus_xio: A system call failed: Is a directory
LOCK - Tue Oct 25 11:10:25 UTC 2016 freed /grid/data/dune/LOCK/LOCKS/20161025.11:10:25.0.fnpc4130.1434666.wallbank.wallbank
program: globus-url-copy -rst-retries 1 -gridftp2 -nodcau -restart -stall-timeout 14400  gsiftp://fg-bestman1.fnal.gov:2811/dune/app/users/wallbank/larsoft-base/workspace/35tanalysis/reco_dune35tdata.fcl file:////storage/local/data1/condor/execute/dir_4091210/glide_HH6F9k/execute/dir_1291170/no_xfer/014427/.exited status 1
delaying 41 ...
retrying...
LOCK - Tue Oct 25 11:11:07 UTC 2016 lock  /grid/data/dune/LOCK/LOCKS/20161025.11:11:07.0.fnpc4130.1434666.wallbank.wallbank

error: globus_xio: Unable to open file /storage/local/data1/condor/execute/dir_4091210/glide_HH6F9k/execute/dir_1291170/no_xfer/014427/.
globus_xio: System error in open: Is a directory
globus_xio: A system call failed: Is a directory
LOCK - Tue Oct 25 11:11:07 UTC 2016 freed /grid/data/dune/LOCK/LOCKS/20161025.11:11:07.0.fnpc4130.1434666.wallbank.wallbank
program: globus-url-copy -rst-retries 1 -gridftp2 -nodcau -restart -stall-timeout 14400  gsiftp://fg-bestman1.fnal.gov:2811/dune/app/users/wallbank/larsoft-base/workspace/35tanalysis/reco_dune35tdata.fcl file:////storage/local/data1/condor/execute/dir_4091210/glide_HH6F9k/execute/dir_1291170/no_xfer/014427/.exited status 1
delaying 113 ...
retrying...
LOCK - Tue Oct 25 11:13:00 UTC 2016 lock  /grid/data/dune/LOCK/LOCKS/20161025.11:13:00.0.fnpc4130.1434666.wallbank.wallbank

error: globus_xio: Unable to open file /storage/local/data1/condor/execute/dir_4091210/glide_HH6F9k/execute/dir_1291170/no_xfer/014427/.
globus_xio: System error in open: Is a directory
globus_xio: A system call failed: Is a directory
LOCK - Tue Oct 25 11:13:01 UTC 2016 freed /grid/data/dune/LOCK/LOCKS/20161025.11:13:00.0.fnpc4130.1434666.wallbank.wallbank
program: globus-url-copy -rst-retries 1 -gridftp2 -nodcau -restart -stall-timeout 14400  gsiftp://fg-bestman1.fnal.gov:2811/dune/app/users/wallbank/larsoft-base/workspace/35tanalysis/reco_dune35tdata.fcl file:////storage/local/data1/condor/execute/dir_4091210/glide_HH6F9k/execute/dir_1291170/no_xfer/014427/.exited status 1
delaying 135 ...
retrying...
LOCK - Tue Oct 25 11:15:16 UTC 2016 lock  /grid/data/dune/LOCK/LOCKS/20161025.11:15:16.0.fnpc4130.1434666.wallbank.wallbank

error: globus_xio: Unable to open file /storage/local/data1/condor/execute/dir_4091210/glide_HH6F9k/execute/dir_1291170/no_xfer/014427/.
globus_xio: System error in open: Is a directory
globus_xio: A system call failed: Is a directory
LOCK - Tue Oct 25 11:15:17 UTC 2016 freed /grid/data/dune/LOCK/LOCKS/20161025.11:15:16.0.fnpc4130.1434666.wallbank.wallbank
program: globus-url-copy -rst-retries 1 -gridftp2 -nodcau -restart -stall-timeout 14400  gsiftp://fg-bestman1.fnal.gov:2811/dune/app/users/wallbank/larsoft-base/workspace/35tanalysis/reco_dune35tdata.fcl file:////storage/local/data1/condor/execute/dir_4091210/glide_HH6F9k/execute/dir_1291170/no_xfer/014427/.exited status 1
delaying 726 ...
retrying...
LOCK - Tue Oct 25 11:27:23 UTC 2016 lock  /grid/data/dune/LOCK/LOCKS/20161025.11:27:23.0.fnpc4130.1434666.wallbank.wallbank

error: globus_xio: Unable to open file /storage/local/data1/condor/execute/dir_4091210/glide_HH6F9k/execute/dir_1291170/no_xfer/014427/.
globus_xio: System error in open: Is a directory
globus_xio: A system call failed: Is a directory
LOCK - Tue Oct 25 11:27:23 UTC 2016 freed /grid/data/dune/LOCK/LOCKS/20161025.11:27:23.0.fnpc4130.1434666.wallbank.wallbank
program: globus-url-copy -rst-retries 1 -gridftp2 -nodcau -restart -stall-timeout 14400  gsiftp://fg-bestman1.fnal.gov:2811/dune/app/users/wallbank/larsoft-base/workspace/35tanalysis/reco_dune35tdata.fcl file:////storage/local/data1/condor/execute/dir_4091210/glide_HH6F9k/execute/dir_1291170/no_xfer/014427/.exited status 1
delaying 1525 ...
retrying...
LOCK - Tue Oct 25 11:52:49 UTC 2016 lock  /grid/data/dune/LOCK/LOCKS/20161025.11:52:49.0.fnpc4130.1434666.wallbank.wallbank

error: globus_xio: Unable to open file /storage/local/data1/condor/execute/dir_4091210/glide_HH6F9k/execute/dir_1291170/no_xfer/014427/.
globus_xio: System error in open: Is a directory
globus_xio: A system call failed: Is a directory
LOCK - Tue Oct 25 11:52:49 UTC 2016 freed /grid/data/dune/LOCK/LOCKS/20161025.11:52:49.0.fnpc4130.1434666.wallbank.wallbank
program: globus-url-copy -rst-retries 1 -gridftp2 -nodcau -restart -stall-timeout 14400  gsiftp://fg-bestman1.fnal.gov:2811/dune/app/users/wallbank/larsoft-base/workspace/35tanalysis/reco_dune35tdata.fcl file:////storage/local/data1/condor/execute/dir_4091210/glide_HH6F9k/execute/dir_1291170/no_xfer/014427/.exited status 1
delaying 2447 ...
retrying...
LOCK - Tue Oct 25 12:33:37 UTC 2016 lock  /grid/data/dune/LOCK/LOCKS/20161025.12:33:37.0.fnpc4130.1434666.wallbank.wallbank

error: globus_xio: Unable to open file /storage/local/data1/condor/execute/dir_4091210/glide_HH6F9k/execute/dir_1291170/no_xfer/014427/.
globus_xio: System error in open: Is a directory
globus_xio: A system call failed: Is a directory
LOCK - Tue Oct 25 12:33:37 UTC 2016 freed /grid/data/dune/LOCK/LOCKS/20161025.12:33:37.0.fnpc4130.1434666.wallbank.wallbank
ifdh cp failed at: Tue Oct 25 07:33:37 2016

LOCK - Tue Oct 25 12:33:38 UTC 2016 lock  /grid/data/dune/LOCK/LOCKS/20161025.12:33:38.1.fnpc4130.1515259.wallbank.wallbank

error: globus_xio: Unable to open file /storage/local/data1/condor/execute/dir_4091210/glide_HH6F9k/execute/dir_1291170/no_xfer/014427/.
globus_xio: System error in open: Is a directory
globus_xio: A system call failed: Is a directory
LOCK - Tue Oct 25 12:33:38 UTC 2016 freed /grid/data/dune/LOCK/LOCKS/20161025.12:33:38.1.fnpc4130.1515259.wallbank.wallbank
program: globus-url-copy -rst-retries 1 -gridftp2 -nodcau -restart -stall-timeout 14400  gsiftp://fg-bestman1.fnal.gov:2811/dune/app/users/wallbank/larsoft-base/workspace/job/apa_crossing.fcl file:////storage/local/data1/condor/execute/dir_4091210/glide_HH6F9k/execute/dir_1291170/no_xfer/014427/.exited status 1
delaying 47 ...
retrying...
LOCK - Tue Oct 25 12:34:25 UTC 2016 lock  /grid/data/dune/LOCK/LOCKS/20161025.12:34:25.0.fnpc4130.1515259.wallbank.wallbank

error: globus_xio: Unable to open file /storage/local/data1/condor/execute/dir_4091210/glide_HH6F9k/execute/dir_1291170/no_xfer/014427/.
globus_xio: System error in open: Is a directory
globus_xio: A system call failed: Is a directory
LOCK - Tue Oct 25 12:34:26 UTC 2016 freed /grid/data/dune/LOCK/LOCKS/20161025.12:34:25.0.fnpc4130.1515259.wallbank.wallbank
program: globus-url-copy -rst-retries 1 -gridftp2 -nodcau -restart -stall-timeout 14400  gsiftp://fg-bestman1.fnal.gov:2811/dune/app/users/wallbank/larsoft-base/workspace/job/apa_crossing.fcl file:////storage/local/data1/condor/execute/dir_4091210/glide_HH6F9k/execute/dir_1291170/no_xfer/014427/.exited status 1
delaying 69 ...
retrying...
LOCK - Tue Oct 25 12:35:35 UTC 2016 lock  /grid/data/dune/LOCK/LOCKS/20161025.12:35:35.0.fnpc4130.1515259.wallbank.wallbank

error: globus_xio: Unable to open file /storage/local/data1/condor/execute/dir_4091210/glide_HH6F9k/execute/dir_1291170/no_xfer/014427/.
globus_xio: System error in open: Is a directory
globus_xio: A system call failed: Is a directory
LOCK - Tue Oct 25 12:35:36 UTC 2016 freed /grid/data/dune/LOCK/LOCKS/20161025.12:35:35.0.fnpc4130.1515259.wallbank.wallbank
program: globus-url-copy -rst-retries 1 -gridftp2 -nodcau -restart -stall-timeout 14400  gsiftp://fg-bestman1.fnal.gov:2811/dune/app/users/wallbank/larsoft-base/workspace/job/apa_crossing.fcl file:////storage/local/data1/condor/execute/dir_4091210/glide_HH6F9k/execute/dir_1291170/no_xfer/014427/.exited status 1
delaying 20 ...
retrying...
LOCK - Tue Oct 25 12:35:56 UTC 2016 lock  /grid/data/dune/LOCK/LOCKS/20161025.12:35:56.0.fnpc4130.1515259.wallbank.wallbank

error: globus_xio: Unable to open file /storage/local/data1/condor/execute/dir_4091210/glide_HH6F9k/execute/dir_1291170/no_xfer/014427/.
globus_xio: System error in open: Is a directory
globus_xio: A system call failed: Is a directory
LOCK - Tue Oct 25 12:35:56 UTC 2016 freed /grid/data/dune/LOCK/LOCKS/20161025.12:35:56.0.fnpc4130.1515259.wallbank.wallbank
program: globus-url-copy -rst-retries 1 -gridftp2 -nodcau -restart -stall-timeout 14400  gsiftp://fg-bestman1.fnal.gov:2811/dune/app/users/wallbank/larsoft-base/workspace/job/apa_crossing.fcl file:////storage/local/data1/condor/execute/dir_4091210/glide_HH6F9k/execute/dir_1291170/no_xfer/014427/.exited status 1
delaying 30 ...
retrying...
LOCK - Tue Oct 25 12:36:27 UTC 2016 lock  /grid/data/dune/LOCK/LOCKS/20161025.12:36:27.0.fnpc4130.1515259.wallbank.wallbank

error: globus_xio: Unable to open file /storage/local/data1/condor/execute/dir_4091210/glide_HH6F9k/execute/dir_1291170/no_xfer/014427/.
globus_xio: System error in open: Is a directory
globus_xio: A system call failed: Is a directory
LOCK - Tue Oct 25 12:36:27 UTC 2016 freed /grid/data/dune/LOCK/LOCKS/20161025.12:36:27.0.fnpc4130.1515259.wallbank.wallbank
program: globus-url-copy -rst-retries 1 -gridftp2 -nodcau -restart -stall-timeout 14400  gsiftp://fg-bestman1.fnal.gov:2811/dune/app/users/wallbank/larsoft-base/workspace/job/apa_crossing.fcl file:////storage/local/data1/condor/execute/dir_4091210/glide_HH6F9k/execute/dir_1291170/no_xfer/014427/.exited status 1
delaying 722 ...
retrying...
LOCK - Tue Oct 25 12:48:30 UTC 2016 lock  /grid/data/dune/LOCK/LOCKS/20161025.12:48:30.0.fnpc4130.1515259.wallbank.wallbank

error: globus_xio: Unable to open file /storage/local/data1/condor/execute/dir_4091210/glide_HH6F9k/execute/dir_1291170/no_xfer/014427/.
globus_xio: System error in open: Is a directory
globus_xio: A system call failed: Is a directory
LOCK - Tue Oct 25 12:48:30 UTC 2016 freed /grid/data/dune/LOCK/LOCKS/20161025.12:48:30.0.fnpc4130.1515259.wallbank.wallbank
program: globus-url-copy -rst-retries 1 -gridftp2 -nodcau -restart -stall-timeout 14400  gsiftp://fg-bestman1.fnal.gov:2811/dune/app/users/wallbank/larsoft-base/workspace/job/apa_crossing.fcl file:////storage/local/data1/condor/execute/dir_4091210/glide_HH6F9k/execute/dir_1291170/no_xfer/014427/.exited status 1
delaying 384 ...
retrying...
LOCK - Tue Oct 25 12:54:54 UTC 2016 lock  /grid/data/dune/LOCK/LOCKS/20161025.12:54:54.0.fnpc4130.1515259.wallbank.wallbank

error: globus_xio: Unable to open file /storage/local/data1/condor/execute/dir_4091210/glide_HH6F9k/execute/dir_1291170/no_xfer/014427/.
globus_xio: System error in open: Is a directory
globus_xio: A system call failed: Is a directory
LOCK - Tue Oct 25 12:54:55 UTC 2016 freed /grid/data/dune/LOCK/LOCKS/20161025.12:54:54.0.fnpc4130.1515259.wallbank.wallbank
program: globus-url-copy -rst-retries 1 -gridftp2 -nodcau -restart -stall-timeout 14400  gsiftp://fg-bestman1.fnal.gov:2811/dune/app/users/wallbank/larsoft-base/workspace/job/apa_crossing.fcl file:////storage/local/data1/condor/execute/dir_4091210/glide_HH6F9k/execute/dir_1291170/no_xfer/014427/.exited status 1
delaying 1608 ...
retrying...
LOCK - Tue Oct 25 13:21:43 UTC 2016 lock  /grid/data/dune/LOCK/LOCKS/20161025.13:21:43.0.fnpc4130.1515259.wallbank.wallbank

error: globus_xio: Unable to open file /storage/local/data1/condor/execute/dir_4091210/glide_HH6F9k/execute/dir_1291170/no_xfer/014427/.
globus_xio: System error in open: Is a directory
globus_xio: A system call failed: Is a directory
LOCK - Tue Oct 25 13:21:44 UTC 2016 freed /grid/data/dune/LOCK/LOCKS/20161025.13:21:43.0.fnpc4130.1515259.wallbank.wallbank
ifdh cp failed at: Tue Oct 25 08:21:44 2016


error: globus_xio: Unable to open file /storage/local/data1/condor/execute/dir_4091210/glide_HH6F9k/execute/dir_1291170/no_xfer/014427/.
globus_xio: System error in open: Is a directory
globus_xio: A system call failed: Is a directory
program: globus-url-copy -rst-retries 1 -gridftp2 -nodcau -restart -stall-timeout 14400  gsiftp://stkendca52a.fnal.gov/pnfs/fnal.gov/usr/lbne/pnfs/fnal.gov/usr/lbne/test-data/lbne/raw/00/63/59/02/lbne_r014427_sr01_20160303T204444.root file:////storage/local/data1/condor/execute/dir_4091210/glide_HH6F9k/execute/dir_1291170/no_xfer/014427/.exited status 1
delaying 1 ...
retrying...

error: globus_xio: Unable to open file /storage/local/data1/condor/execute/dir_4091210/glide_HH6F9k/execute/dir_1291170/no_xfer/014427/.
globus_xio: System error in open: Is a directory
globus_xio: A system call failed: Is a directory
program: globus-url-copy -rst-retries 1 -gridftp2 -nodcau -restart -stall-timeout 14400  gsiftp://stkendca45a.fnal.gov/pnfs/fnal.gov/usr/lbne/pnfs/fnal.gov/usr/lbne/test-data/lbne/raw/00/63/59/02/lbne_r014427_sr01_20160303T204444.root file:////storage/local/data1/condor/execute/dir_4091210/glide_HH6F9k/execute/dir_1291170/no_xfer/014427/.exited status 1
delaying 73 ...
retrying...

error: globus_xio: Unable to open file /storage/local/data1/condor/execute/dir_4091210/glide_HH6F9k/execute/dir_1291170/no_xfer/014427/.
globus_xio: System error in open: Is a directory
globus_xio: A system call failed: Is a directory
program: globus-url-copy -rst-retries 1 -gridftp2 -nodcau -restart -stall-timeout 14400  gsiftp://stkendca34a.fnal.gov/pnfs/fnal.gov/usr/lbne/pnfs/fnal.gov/usr/lbne/test-data/lbne/raw/00/63/59/02/lbne_r014427_sr01_20160303T204444.root file:////storage/local/data1/condor/execute/dir_4091210/glide_HH6F9k/execute/dir_1291170/no_xfer/014427/.exited status 1
delaying 180 ...
retrying...

error: globus_xio: Unable to open file /storage/local/data1/condor/execute/dir_4091210/glide_HH6F9k/execute/dir_1291170/no_xfer/014427/.
globus_xio: System error in open: Is a directory
globus_xio: A system call failed: Is a directory
program: globus-url-copy -rst-retries 1 -gridftp2 -nodcau -restart -stall-timeout 14400  gsiftp://stkendca27a.fnal.gov/pnfs/fnal.gov/usr/lbne/pnfs/fnal.gov/usr/lbne/test-data/lbne/raw/00/63/59/02/lbne_r014427_sr01_20160303T204444.root file:////storage/local/data1/condor/execute/dir_4091210/glide_HH6F9k/execute/dir_1291170/no_xfer/014427/.exited status 1
delaying 357 ...
retrying...

error: globus_xio: Unable to open file /storage/local/data1/condor/execute/dir_4091210/glide_HH6F9k/execute/dir_1291170/no_xfer/014427/.
globus_xio: System error in open: Is a directory
globus_xio: A system call failed: Is a directory
program: globus-url-copy -rst-retries 1 -gridftp2 -nodcau -restart -stall-timeout 14400  gsiftp://stkendca03a.fnal.gov/pnfs/fnal.gov/usr/lbne/pnfs/fnal.gov/usr/lbne/test-data/lbne/raw/00/63/59/02/lbne_r014427_sr01_20160303T204444.root file:////storage/local/data1/condor/execute/dir_4091210/glide_HH6F9k/execute/dir_1291170/no_xfer/014427/.exited status 1
delaying 194 ...
retrying...

error: globus_xio: Unable to open file /storage/local/data1/condor/execute/dir_4091210/glide_HH6F9k/execute/dir_1291170/no_xfer/014427/.
globus_xio: System error in open: Is a directory
globus_xio: A system call failed: Is a directory
program: globus-url-copy -rst-retries 1 -gridftp2 -nodcau -restart -stall-timeout 14400  gsiftp://stkendca25a.fnal.gov/pnfs/fnal.gov/usr/lbne/pnfs/fnal.gov/usr/lbne/test-data/lbne/raw/00/63/59/02/lbne_r014427_sr01_20160303T204444.root file:////storage/local/data1/condor/execute/dir_4091210/glide_HH6F9k/execute/dir_1291170/no_xfer/014427/.exited status 1
delaying 1746 ...
retrying...

error: globus_xio: Unable to open file /storage/local/data1/condor/execute/dir_4091210/glide_HH6F9k/execute/dir_1291170/no_xfer/014427/.
globus_xio: System error in open: Is a directory
globus_xio: A system call failed: Is a directory
program: globus-url-copy -rst-retries 1 -gridftp2 -nodcau -restart -stall-timeout 14400  gsiftp://stkendca28a.fnal.gov/pnfs/fnal.gov/usr/lbne/pnfs/fnal.gov/usr/lbne/test-data/lbne/raw/00/63/59/02/lbne_r014427_sr01_20160303T204444.root file:////storage/local/data1/condor/execute/dir_4091210/glide_HH6F9k/execute/dir_1291170/no_xfer/014427/.exited status 1
delaying 941 ...
retrying...

error: globus_xio: Unable to open file /storage/local/data1/condor/execute/dir_4091210/glide_HH6F9k/execute/dir_1291170/no_xfer/014427/.
globus_xio: System error in open: Is a directory
globus_xio: A system call failed: Is a directory
ifdh cp failed at: Tue Oct 25 09:19:59 2016


The nested "outputs.out1.SelectEvents.SelectEvents" configuration
is deprecated.  It will be replaced with:
   outputs.out1.SelectEvents: [...]


TrigReport ---------- Event  Summary ------------
TrigReport Events total = 0 passed = 0 failed = 0

TrigReport ------ Modules in End-Path: end_path ------------
TrigReport  Trig Bit#    Visited     Passed     Failed      Error Name
TrigReport     0    0          0          0          0          0 out1

TimeReport ---------- Time  Summary ---[sec]----
TimeReport CPU = 0.000000 Real = 0.000000

====================================================================================================================
TimeTracker printout (sec)            Min           Avg           Max         Median          RMS         nEvts   
====================================================================================================================
[ No processed events ]
====================================================================================================================

%MSG-s ArtException:  RootOutput:out1@EndJob 25-Oct-2016 09:20:05 CDT  BeforeEvents
cet::exception caught in art
---- CatalogServiceError BEGIN
  Input file not found: lbne_r014427_sr01_20160303T204444.root.
  cet::exception caught in EventProcessor and rethrown
---- CatalogServiceError END
%MSG
Failed to parse the configuration file 'reco_dune35tdata.fcl' with exception
---- search_path BEGIN
  Can't find file "reco_dune35tdata.fcl"
---- search_path END

Failed to parse the configuration file 'apa_crossing.fcl' with exception
---- search_path BEGIN
  Can't find file "apa_crossing.fcl"
---- search_path END

Tue Oct 25 09:20:07 CDT 2016 ./do_obtain_analyse_files.sh COMPLETED with exit status 0
