%MSG-i MF_INIT_OK:  lar 24-Oct-2016 17:09:06 BST JobSetup
Messagelogger initialization complete.
%MSG
%MSG-w CONFIG:  lar 24-Oct-2016 17:09:09 BST JobSetup
Use of services.user parameter set is deprecated.
Define all services in services parameter set.
%MSG
%MSG-i Root_Information:  lar TGeoManager::Import() 24-Oct-2016 17:09:09 BST  JobSetup
Reading geometry from file: /home/wallbank/larsoft-base/prof/localProducts_larsoft_v06_12_00_e10_prof/dunetpc/v06_12_00/gdml/dune35t4apa_v6.gdml
%MSG
%MSG-i Root_Information:  lar TGeoManager::TGeoManager()  24-Oct-2016 17:09:09 BST JobSetup
Geometry GDMLImport, Geometry imported from GDML created
%MSG
%MSG-i Root_Information:  lar TGeoManager::SetTopVolume()  24-Oct-2016 17:09:10 BST JobSetup
Top volume is volWorld. Master volume is volWorld
%MSG
%MSG-i Root_Information:  lar TGeoNavigator::BuildCache()  24-Oct-2016 17:09:10 BST JobSetup
--- Maximum geometry depth set to 100
%MSG
%MSG-i Root_Information:  lar TGeoManager::CheckGeometry()  24-Oct-2016 17:09:10 BST JobSetup
Fixing runtime shapes...
%MSG
%MSG-i Root_Information:  lar TGeoManager::CheckGeometry()  24-Oct-2016 17:09:10 BST JobSetup
...Nothing to fix
%MSG
%MSG-i Root_Information:  lar TGeoManager::CloseGeometry()  24-Oct-2016 17:09:10 BST JobSetup
Counting nodes...
%MSG
%MSG-i Root_Information:  lar TGeoManager::Voxelize() 24-Oct-2016 17:09:10 BST  JobSetup
Voxelizing...
%MSG
%MSG-i Root_Information:  lar TGeoManager::CloseGeometry()  24-Oct-2016 17:09:10 BST JobSetup
Building cache...
%MSG
%MSG-i Root_Information:  lar TGeoManager::CountLevels()  24-Oct-2016 17:09:10 BST JobSetup
max level = 5, max placements = 359
%MSG
%MSG-i Root_Information:  lar TGeoManager::CloseGeometry()  24-Oct-2016 17:09:10 BST JobSetup
5627 nodes/ 2528 volume UID's in Geometry imported from GDML
%MSG
%MSG-i Root_Information:  lar TGeoManager::CloseGeometry()  24-Oct-2016 17:09:10 BST JobSetup
----------------modeler ready----------------
%MSG
%MSG-i GeometryCore:  lar 24-Oct-2016 17:09:10 BST JobSetup
New detector geometry loaded from 
	/home/wallbank/larsoft-base/prof/localProducts_larsoft_v06_12_00_e10_prof/dunetpc/v06_12_00/gdml/dune35t4apa_v6.gdml
	/home/wallbank/larsoft-base/prof/localProducts_larsoft_v06_12_00_e10_prof/dunetpc/v06_12_00/gdml/dune35t4apa_v6_nowires.gdml

%MSG
%MSG-i ChannelMap35OptAlg:  lar 24-Oct-2016 17:09:10 BST JobSetup
Sorting...
%MSG
%MSG-i ChannelMap35OptAlg:  lar 24-Oct-2016 17:09:10 BST JobSetup
Initializing...
%MSG
fNchannels = 2048
U channels per APA = 144
V channels per APA = 144
Z channels per APA side = 112
%MSG-i SimpleChannelStatusService:  lar 24-Oct-2016 17:09:10 BST JobSetup
Loaded from configuration:
  - 259 bad channels
  - 0 noisy channels
  - largest channel ID: 2047, largest present: 2047
%MSG
%MSG-i setupProvider<DetectorPropertiesStandard>:  lar 24-Oct-2016 17:09:10 BST  JobSetup
Asked to ignore 1 keys: 'InheritNumberTimeSamples'
%MSG
%MSG-i SignalShapingServiceDUNE:  lar 24-Oct-2016 17:09:10 BST JobSetup
Getting Filter from .fcl file
%MSG
%MSG-i SignalShapingServiceDUNE:  lar 24-Oct-2016 17:09:10 BST JobSetup
 using the field response provided from a .root file 
%MSG
%MSG-w CONFIG:  lar 24-Oct-2016 17:09:10 BST JobSetup

 <<< 'SimpleMemoryCheck' is deprecated.  Please use 'MemoryTracker'. >>>

%MSG
24-Oct-2016 17:09:10 BST  Initiating request to open input file "/data/wallbank/dune/35t/mc/countermu/prodcosmics_dune35t_milliblock_countermu_599_20161017T232909_gen_c311cb13-9f4f-4529-9f2a-c4119c57aa82_20161018T110811_g4_countermu.root"
24-Oct-2016 17:09:10 BST  Opened input file "/data/wallbank/dune/35t/mc/countermu/prodcosmics_dune35t_milliblock_countermu_599_20161017T232909_gen_c311cb13-9f4f-4529-9f2a-c4119c57aa82_20161018T110811_g4_countermu.root"
Begin processing the 1st record. run: 10000003 subRun: 600 event: 5990025 at 24-Oct-2016 17:09:11 BST
%MSG-d RANDOM:  PostSource 24-Oct-2016 17:09:11 BST  run: 10000003 subRun: 600 event: 5990025
RNGservice::takeSnapshot_() of the following engine labels:
 |

%MSG
Begin processing the 2nd record. run: 10000003 subRun: 600 event: 5990403 at 24-Oct-2016 17:09:11 BST
%MSG-w MemoryCheck:  Source 24-Oct-2016 17:09:11 BST PostProcessEvent
MemoryCheck: module source:source VSIZE 815.508 0 RSS 205.723 0.0117188

%MSG
%MSG-d RANDOM:  PostSource 24-Oct-2016 17:09:11 BST  run: 10000003 subRun: 600 event: 5990403
RNGservice::takeSnapshot_() of the following engine labels:
 |

%MSG
%MSG-w MemoryCheck:  Pi0Analysis:pi0ana 24-Oct-2016 17:09:11 BST  run: 10000003 subRun: 600 event: 5990403
MemoryCheck: module Pi0Analysis:pi0ana VSIZE 834.441 18.9336 RSS 224.578 18.8555

%MSG
Begin processing the 3rd record. run: 10000003 subRun: 600 event: 5990404 at 24-Oct-2016 17:09:11 BST
%MSG-w MemoryCheck:  Source 24-Oct-2016 17:09:11 BST PostProcessEvent
MemoryCheck: module source:source VSIZE 834.441 0 RSS 224.582 0.00390625

%MSG
%MSG-d RANDOM:  PostSource 24-Oct-2016 17:09:11 BST  run: 10000003 subRun: 600 event: 5990404
RNGservice::takeSnapshot_() of the following engine labels:
 |

%MSG
%MSG-w MemoryCheck:  Pi0Analysis:pi0ana 24-Oct-2016 17:09:11 BST  run: 10000003 subRun: 600 event: 5990404
MemoryCheck: module Pi0Analysis:pi0ana VSIZE 838.586 4.14453 RSS 228.77 4.1875

%MSG
Begin processing the 4th record. run: 10000003 subRun: 600 event: 5990421 at 24-Oct-2016 17:09:11 BST
%MSG-d RANDOM:  PostSource 24-Oct-2016 17:09:12 BST  run: 10000003 subRun: 600 event: 5990421
RNGservice::takeSnapshot_() of the following engine labels:
 |

%MSG
%MSG-w MemoryCheck:  Pi0Analysis:pi0ana 24-Oct-2016 17:09:12 BST  run: 10000003 subRun: 600 event: 5990421
MemoryCheck: module Pi0Analysis:pi0ana VSIZE 845.875 7.28906 RSS 236.004 7.23438

%MSG
Begin processing the 5th record. run: 10000003 subRun: 600 event: 5990442 at 24-Oct-2016 17:09:12 BST
%MSG-d RANDOM:  PostSource 24-Oct-2016 17:09:12 BST  run: 10000003 subRun: 600 event: 5990442
RNGservice::takeSnapshot_() of the following engine labels:
 |

%MSG
%MSG-w MemoryCheck:  Pi0Analysis:pi0ana 24-Oct-2016 17:09:12 BST  run: 10000003 subRun: 600 event: 5990442
MemoryCheck: module Pi0Analysis:pi0ana VSIZE 854.047 8.17188 RSS 244.176 8.17188

%MSG
Begin processing the 6th record. run: 10000003 subRun: 600 event: 5990486 at 24-Oct-2016 17:09:12 BST
%MSG-d RANDOM:  PostSource 24-Oct-2016 17:09:12 BST  run: 10000003 subRun: 600 event: 5990486
RNGservice::takeSnapshot_() of the following engine labels:
 |

%MSG
Begin processing the 7th record. run: 10000003 subRun: 600 event: 5990741 at 24-Oct-2016 17:09:12 BST
%MSG-d RANDOM:  PostSource 24-Oct-2016 17:09:12 BST  run: 10000003 subRun: 600 event: 5990741
RNGservice::takeSnapshot_() of the following engine labels:
 |

%MSG
Begin processing the 8th record. run: 10000003 subRun: 600 event: 5990945 at 24-Oct-2016 17:09:12 BST
%MSG-d RANDOM:  PostSource 24-Oct-2016 17:09:12 BST  run: 10000003 subRun: 600 event: 5990945
RNGservice::takeSnapshot_() of the following engine labels:
 |

%MSG
Begin processing the 9th record. run: 10000003 subRun: 600 event: 5990949 at 24-Oct-2016 17:09:12 BST
%MSG-d RANDOM:  PostSource 24-Oct-2016 17:09:12 BST  run: 10000003 subRun: 600 event: 5990949
RNGservice::takeSnapshot_() of the following engine labels:
 |

%MSG
Begin processing the 10th record. run: 10000003 subRun: 600 event: 5991267 at 24-Oct-2016 17:09:12 BST
%MSG-d RANDOM:  PostSource 24-Oct-2016 17:09:13 BST  run: 10000003 subRun: 600 event: 5991267
RNGservice::takeSnapshot_() of the following engine labels:
 |

%MSG
Begin processing the 11th record. run: 10000003 subRun: 600 event: 5991367 at 24-Oct-2016 17:09:13 BST
%MSG-d RANDOM:  PostSource 24-Oct-2016 17:09:13 BST  run: 10000003 subRun: 600 event: 5991367
RNGservice::takeSnapshot_() of the following engine labels:
 |

%MSG
Begin processing the 12th record. run: 10000003 subRun: 600 event: 5991685 at 24-Oct-2016 17:09:13 BST
%MSG-d RANDOM:  PostSource 24-Oct-2016 17:09:13 BST  run: 10000003 subRun: 600 event: 5991685
RNGservice::takeSnapshot_() of the following engine labels:
 |

%MSG
Begin processing the 13th record. run: 10000003 subRun: 600 event: 5991923 at 24-Oct-2016 17:09:13 BST
%MSG-d RANDOM:  PostSource 24-Oct-2016 17:09:13 BST  run: 10000003 subRun: 600 event: 5991923
RNGservice::takeSnapshot_() of the following engine labels:
 |

%MSG
Begin processing the 14th record. run: 10000003 subRun: 600 event: 5992074 at 24-Oct-2016 17:09:13 BST
%MSG-d RANDOM:  PostSource 24-Oct-2016 17:09:13 BST  run: 10000003 subRun: 600 event: 5992074
RNGservice::takeSnapshot_() of the following engine labels:
 |

%MSG
Begin processing the 15th record. run: 10000003 subRun: 600 event: 5992242 at 24-Oct-2016 17:09:13 BST
%MSG-d RANDOM:  PostSource 24-Oct-2016 17:09:13 BST  run: 10000003 subRun: 600 event: 5992242
RNGservice::takeSnapshot_() of the following engine labels:
 |

%MSG
Begin processing the 16th record. run: 10000003 subRun: 600 event: 5992369 at 24-Oct-2016 17:09:13 BST
%MSG-d RANDOM:  PostSource 24-Oct-2016 17:09:13 BST  run: 10000003 subRun: 600 event: 5992369
RNGservice::takeSnapshot_() of the following engine labels:
 |

%MSG
Begin processing the 17th record. run: 10000003 subRun: 600 event: 5992433 at 24-Oct-2016 17:09:13 BST
%MSG-d RANDOM:  PostSource 24-Oct-2016 17:09:14 BST  run: 10000003 subRun: 600 event: 5992433
RNGservice::takeSnapshot_() of the following engine labels:
 |

%MSG
Begin processing the 18th record. run: 10000003 subRun: 600 event: 5992647 at 24-Oct-2016 17:09:14 BST
%MSG-d RANDOM:  PostSource 24-Oct-2016 17:09:14 BST  run: 10000003 subRun: 600 event: 5992647
RNGservice::takeSnapshot_() of the following engine labels:
 |

%MSG
Begin processing the 19th record. run: 10000003 subRun: 600 event: 5992742 at 24-Oct-2016 17:09:14 BST
%MSG-d RANDOM:  PostSource 24-Oct-2016 17:09:14 BST  run: 10000003 subRun: 600 event: 5992742
RNGservice::takeSnapshot_() of the following engine labels:
 |

%MSG
Begin processing the 20th record. run: 10000003 subRun: 600 event: 5992886 at 24-Oct-2016 17:09:14 BST
%MSG-d RANDOM:  PostSource 24-Oct-2016 17:09:14 BST  run: 10000003 subRun: 600 event: 5992886
RNGservice::takeSnapshot_() of the following engine labels:
 |

%MSG
Begin processing the 21st record. run: 10000003 subRun: 600 event: 5993053 at 24-Oct-2016 17:09:14 BST
%MSG-d RANDOM:  PostSource 24-Oct-2016 17:09:14 BST  run: 10000003 subRun: 600 event: 5993053
RNGservice::takeSnapshot_() of the following engine labels:
 |

%MSG
Begin processing the 22nd record. run: 10000003 subRun: 600 event: 5993188 at 24-Oct-2016 17:09:14 BST
%MSG-d RANDOM:  PostSource 24-Oct-2016 17:09:14 BST  run: 10000003 subRun: 600 event: 5993188
RNGservice::takeSnapshot_() of the following engine labels:
 |

%MSG
Begin processing the 23rd record. run: 10000003 subRun: 600 event: 5993194 at 24-Oct-2016 17:09:14 BST
%MSG-d RANDOM:  PostSource 24-Oct-2016 17:09:15 BST  run: 10000003 subRun: 600 event: 5993194
RNGservice::takeSnapshot_() of the following engine labels:
 |

%MSG
Begin processing the 24th record. run: 10000003 subRun: 600 event: 5993356 at 24-Oct-2016 17:09:15 BST
%MSG-d RANDOM:  PostSource 24-Oct-2016 17:09:15 BST  run: 10000003 subRun: 600 event: 5993356
RNGservice::takeSnapshot_() of the following engine labels:
 |

%MSG
%MSG-w MemoryCheck:  Pi0Analysis:pi0ana 24-Oct-2016 17:09:15 BST  run: 10000003 subRun: 600 event: 5993356
MemoryCheck: module Pi0Analysis:pi0ana VSIZE 867.559 13.5117 RSS 257.785 13.6094

%MSG
Begin processing the 25th record. run: 10000003 subRun: 600 event: 5993414 at 24-Oct-2016 17:09:15 BST
%MSG-d RANDOM:  PostSource 24-Oct-2016 17:09:15 BST  run: 10000003 subRun: 600 event: 5993414
RNGservice::takeSnapshot_() of the following engine labels:
 |

%MSG
Begin processing the 26th record. run: 10000003 subRun: 600 event: 5993434 at 24-Oct-2016 17:09:15 BST
%MSG-d RANDOM:  PostSource 24-Oct-2016 17:09:15 BST  run: 10000003 subRun: 600 event: 5993434
RNGservice::takeSnapshot_() of the following engine labels:
 |

%MSG
Begin processing the 27th record. run: 10000003 subRun: 600 event: 5993471 at 24-Oct-2016 17:09:15 BST
%MSG-d RANDOM:  PostSource 24-Oct-2016 17:09:15 BST  run: 10000003 subRun: 600 event: 5993471
RNGservice::takeSnapshot_() of the following engine labels:
 |

%MSG
Begin processing the 28th record. run: 10000003 subRun: 600 event: 5993596 at 24-Oct-2016 17:09:15 BST
%MSG-d RANDOM:  PostSource 24-Oct-2016 17:09:15 BST  run: 10000003 subRun: 600 event: 5993596
RNGservice::takeSnapshot_() of the following engine labels:
 |

%MSG
Begin processing the 29th record. run: 10000003 subRun: 600 event: 5993612 at 24-Oct-2016 17:09:15 BST
%MSG-d RANDOM:  PostSource 24-Oct-2016 17:09:15 BST  run: 10000003 subRun: 600 event: 5993612
RNGservice::takeSnapshot_() of the following engine labels:
 |

%MSG
Begin processing the 30th record. run: 10000003 subRun: 600 event: 5993631 at 24-Oct-2016 17:09:15 BST
%MSG-d RANDOM:  PostSource 24-Oct-2016 17:09:16 BST  run: 10000003 subRun: 600 event: 5993631
RNGservice::takeSnapshot_() of the following engine labels:
 |

%MSG
Begin processing the 31st record. run: 10000003 subRun: 600 event: 5993648 at 24-Oct-2016 17:09:16 BST
%MSG-d RANDOM:  PostSource 24-Oct-2016 17:09:16 BST  run: 10000003 subRun: 600 event: 5993648
RNGservice::takeSnapshot_() of the following engine labels:
 |

%MSG
Begin processing the 32nd record. run: 10000003 subRun: 600 event: 5993724 at 24-Oct-2016 17:09:16 BST
%MSG-d RANDOM:  PostSource 24-Oct-2016 17:09:16 BST  run: 10000003 subRun: 600 event: 5993724
RNGservice::takeSnapshot_() of the following engine labels:
 |

%MSG
Begin processing the 33rd record. run: 10000003 subRun: 600 event: 5994046 at 24-Oct-2016 17:09:16 BST
%MSG-d RANDOM:  PostSource 24-Oct-2016 17:09:16 BST  run: 10000003 subRun: 600 event: 5994046
RNGservice::takeSnapshot_() of the following engine labels:
 |

%MSG
Begin processing the 34th record. run: 10000003 subRun: 600 event: 5994230 at 24-Oct-2016 17:09:16 BST
%MSG-d RANDOM:  PostSource 24-Oct-2016 17:09:16 BST  run: 10000003 subRun: 600 event: 5994230
RNGservice::takeSnapshot_() of the following engine labels:
 |

%MSG
Begin processing the 35th record. run: 10000003 subRun: 600 event: 5994291 at 24-Oct-2016 17:09:16 BST
%MSG-d RANDOM:  PostSource 24-Oct-2016 17:09:16 BST  run: 10000003 subRun: 600 event: 5994291
RNGservice::takeSnapshot_() of the following engine labels:
 |

%MSG
Begin processing the 36th record. run: 10000003 subRun: 600 event: 5994303 at 24-Oct-2016 17:09:16 BST
%MSG-d RANDOM:  PostSource 24-Oct-2016 17:09:16 BST  run: 10000003 subRun: 600 event: 5994303
RNGservice::takeSnapshot_() of the following engine labels:
 |

%MSG
Begin processing the 37th record. run: 10000003 subRun: 600 event: 5994339 at 24-Oct-2016 17:09:16 BST
%MSG-d RANDOM:  PostSource 24-Oct-2016 17:09:17 BST  run: 10000003 subRun: 600 event: 5994339
RNGservice::takeSnapshot_() of the following engine labels:
 |

%MSG
Begin processing the 38th record. run: 10000003 subRun: 600 event: 5994560 at 24-Oct-2016 17:09:17 BST
%MSG-d RANDOM:  PostSource 24-Oct-2016 17:09:17 BST  run: 10000003 subRun: 600 event: 5994560
RNGservice::takeSnapshot_() of the following engine labels:
 |

%MSG
Begin processing the 39th record. run: 10000003 subRun: 600 event: 5994979 at 24-Oct-2016 17:09:17 BST
%MSG-d RANDOM:  PostSource 24-Oct-2016 17:09:17 BST  run: 10000003 subRun: 600 event: 5994979
RNGservice::takeSnapshot_() of the following engine labels:
 |

%MSG
Begin processing the 40th record. run: 10000003 subRun: 600 event: 5995264 at 24-Oct-2016 17:09:17 BST
%MSG-d RANDOM:  PostSource 24-Oct-2016 17:09:17 BST  run: 10000003 subRun: 600 event: 5995264
RNGservice::takeSnapshot_() of the following engine labels:
 |

%MSG
Begin processing the 41st record. run: 10000003 subRun: 600 event: 5995471 at 24-Oct-2016 17:09:17 BST
%MSG-d RANDOM:  PostSource 24-Oct-2016 17:09:17 BST  run: 10000003 subRun: 600 event: 5995471
RNGservice::takeSnapshot_() of the following engine labels:
 |

%MSG
Begin processing the 42nd record. run: 10000003 subRun: 600 event: 5995483 at 24-Oct-2016 17:09:17 BST
%MSG-d RANDOM:  PostSource 24-Oct-2016 17:09:17 BST  run: 10000003 subRun: 600 event: 5995483
RNGservice::takeSnapshot_() of the following engine labels:
 |

%MSG
Begin processing the 43rd record. run: 10000003 subRun: 600 event: 5995508 at 24-Oct-2016 17:09:17 BST
%MSG-d RANDOM:  PostSource 24-Oct-2016 17:09:17 BST  run: 10000003 subRun: 600 event: 5995508
RNGservice::takeSnapshot_() of the following engine labels:
 |

%MSG
Begin processing the 44th record. run: 10000003 subRun: 600 event: 5995795 at 24-Oct-2016 17:09:17 BST
%MSG-d RANDOM:  PostSource 24-Oct-2016 17:09:18 BST  run: 10000003 subRun: 600 event: 5995795
RNGservice::takeSnapshot_() of the following engine labels:
 |

%MSG
Begin processing the 45th record. run: 10000003 subRun: 600 event: 5995817 at 24-Oct-2016 17:09:18 BST
%MSG-d RANDOM:  PostSource 24-Oct-2016 17:09:18 BST  run: 10000003 subRun: 600 event: 5995817
RNGservice::takeSnapshot_() of the following engine labels:
 |

%MSG
Begin processing the 46th record. run: 10000003 subRun: 600 event: 5996122 at 24-Oct-2016 17:09:18 BST
%MSG-d RANDOM:  PostSource 24-Oct-2016 17:09:18 BST  run: 10000003 subRun: 600 event: 5996122
RNGservice::takeSnapshot_() of the following engine labels:
 |

%MSG
Begin processing the 47th record. run: 10000003 subRun: 600 event: 5996135 at 24-Oct-2016 17:09:18 BST
%MSG-d RANDOM:  PostSource 24-Oct-2016 17:09:18 BST  run: 10000003 subRun: 600 event: 5996135
RNGservice::takeSnapshot_() of the following engine labels:
 |

%MSG
Begin processing the 48th record. run: 10000003 subRun: 600 event: 5996162 at 24-Oct-2016 17:09:18 BST
%MSG-d RANDOM:  PostSource 24-Oct-2016 17:09:18 BST  run: 10000003 subRun: 600 event: 5996162
RNGservice::takeSnapshot_() of the following engine labels:
 |

%MSG
Begin processing the 49th record. run: 10000003 subRun: 600 event: 5996303 at 24-Oct-2016 17:09:18 BST
%MSG-d RANDOM:  PostSource 24-Oct-2016 17:09:18 BST  run: 10000003 subRun: 600 event: 5996303
RNGservice::takeSnapshot_() of the following engine labels:
 |

%MSG
Begin processing the 50th record. run: 10000003 subRun: 600 event: 5996421 at 24-Oct-2016 17:09:18 BST
%MSG-d RANDOM:  PostSource 24-Oct-2016 17:09:19 BST  run: 10000003 subRun: 600 event: 5996421
RNGservice::takeSnapshot_() of the following engine labels:
 |

%MSG
Begin processing the 51st record. run: 10000003 subRun: 600 event: 5996693 at 24-Oct-2016 17:09:19 BST
%MSG-d RANDOM:  PostSource 24-Oct-2016 17:09:19 BST  run: 10000003 subRun: 600 event: 5996693
RNGservice::takeSnapshot_() of the following engine labels:
 |

%MSG
Begin processing the 52nd record. run: 10000003 subRun: 600 event: 5996759 at 24-Oct-2016 17:09:19 BST
%MSG-d RANDOM:  PostSource 24-Oct-2016 17:09:19 BST  run: 10000003 subRun: 600 event: 5996759
RNGservice::takeSnapshot_() of the following engine labels:
 |

%MSG
Begin processing the 53rd record. run: 10000003 subRun: 600 event: 5996819 at 24-Oct-2016 17:09:19 BST
%MSG-d RANDOM:  PostSource 24-Oct-2016 17:09:19 BST  run: 10000003 subRun: 600 event: 5996819
RNGservice::takeSnapshot_() of the following engine labels:
 |

%MSG
Begin processing the 54th record. run: 10000003 subRun: 600 event: 5996969 at 24-Oct-2016 17:09:19 BST
%MSG-d RANDOM:  PostSource 24-Oct-2016 17:09:19 BST  run: 10000003 subRun: 600 event: 5996969
RNGservice::takeSnapshot_() of the following engine labels:
 |

%MSG
Begin processing the 55th record. run: 10000003 subRun: 600 event: 5996991 at 24-Oct-2016 17:09:19 BST
%MSG-d RANDOM:  PostSource 24-Oct-2016 17:09:19 BST  run: 10000003 subRun: 600 event: 5996991
RNGservice::takeSnapshot_() of the following engine labels:
 |

%MSG
Begin processing the 56th record. run: 10000003 subRun: 600 event: 5997586 at 24-Oct-2016 17:09:19 BST
%MSG-d RANDOM:  PostSource 24-Oct-2016 17:09:19 BST  run: 10000003 subRun: 600 event: 5997586
RNGservice::takeSnapshot_() of the following engine labels:
 |

%MSG
Begin processing the 57th record. run: 10000003 subRun: 600 event: 5997591 at 24-Oct-2016 17:09:19 BST
%MSG-d RANDOM:  PostSource 24-Oct-2016 17:09:19 BST  run: 10000003 subRun: 600 event: 5997591
RNGservice::takeSnapshot_() of the following engine labels:
 |

%MSG
Begin processing the 58th record. run: 10000003 subRun: 600 event: 5997623 at 24-Oct-2016 17:09:19 BST
%MSG-d RANDOM:  PostSource 24-Oct-2016 17:09:19 BST  run: 10000003 subRun: 600 event: 5997623
RNGservice::takeSnapshot_() of the following engine labels:
 |

%MSG
Begin processing the 59th record. run: 10000003 subRun: 600 event: 5997780 at 24-Oct-2016 17:09:19 BST
%MSG-d RANDOM:  PostSource 24-Oct-2016 17:09:19 BST  run: 10000003 subRun: 600 event: 5997780
RNGservice::takeSnapshot_() of the following engine labels:
 |

%MSG
Begin processing the 60th record. run: 10000003 subRun: 600 event: 5997851 at 24-Oct-2016 17:09:20 BST
%MSG-d RANDOM:  PostSource 24-Oct-2016 17:09:20 BST  run: 10000003 subRun: 600 event: 5997851
RNGservice::takeSnapshot_() of the following engine labels:
 |

%MSG
Begin processing the 61st record. run: 10000003 subRun: 600 event: 5998147 at 24-Oct-2016 17:09:20 BST
%MSG-d RANDOM:  PostSource 24-Oct-2016 17:09:20 BST  run: 10000003 subRun: 600 event: 5998147
RNGservice::takeSnapshot_() of the following engine labels:
 |

%MSG
Begin processing the 62nd record. run: 10000003 subRun: 600 event: 5998512 at 24-Oct-2016 17:09:20 BST
%MSG-d RANDOM:  PostSource 24-Oct-2016 17:09:20 BST  run: 10000003 subRun: 600 event: 5998512
RNGservice::takeSnapshot_() of the following engine labels:
 |

%MSG
Begin processing the 63rd record. run: 10000003 subRun: 600 event: 5998610 at 24-Oct-2016 17:09:20 BST
%MSG-d RANDOM:  PostSource 24-Oct-2016 17:09:20 BST  run: 10000003 subRun: 600 event: 5998610
RNGservice::takeSnapshot_() of the following engine labels:
 |

%MSG
Begin processing the 64th record. run: 10000003 subRun: 600 event: 5998707 at 24-Oct-2016 17:09:20 BST
%MSG-d RANDOM:  PostSource 24-Oct-2016 17:09:20 BST  run: 10000003 subRun: 600 event: 5998707
RNGservice::takeSnapshot_() of the following engine labels:
 |

%MSG
Begin processing the 65th record. run: 10000003 subRun: 600 event: 5998748 at 24-Oct-2016 17:09:20 BST
%MSG-d RANDOM:  PostSource 24-Oct-2016 17:09:20 BST  run: 10000003 subRun: 600 event: 5998748
RNGservice::takeSnapshot_() of the following engine labels:
 |

%MSG
Begin processing the 66th record. run: 10000003 subRun: 600 event: 5998792 at 24-Oct-2016 17:09:20 BST
%MSG-d RANDOM:  PostSource 24-Oct-2016 17:09:20 BST  run: 10000003 subRun: 600 event: 5998792
RNGservice::takeSnapshot_() of the following engine labels:
 |

%MSG
Begin processing the 67th record. run: 10000003 subRun: 600 event: 5998837 at 24-Oct-2016 17:09:20 BST
%MSG-d RANDOM:  PostSource 24-Oct-2016 17:09:21 BST  run: 10000003 subRun: 600 event: 5998837
RNGservice::takeSnapshot_() of the following engine labels:
 |

%MSG
Begin processing the 68th record. run: 10000003 subRun: 600 event: 5999010 at 24-Oct-2016 17:09:21 BST
%MSG-d RANDOM:  PostSource 24-Oct-2016 17:09:21 BST  run: 10000003 subRun: 600 event: 5999010
RNGservice::takeSnapshot_() of the following engine labels:
 |

%MSG
Begin processing the 69th record. run: 10000003 subRun: 600 event: 5999030 at 24-Oct-2016 17:09:21 BST
%MSG-d RANDOM:  PostSource 24-Oct-2016 17:09:21 BST  run: 10000003 subRun: 600 event: 5999030
RNGservice::takeSnapshot_() of the following engine labels:
 |

%MSG
Begin processing the 70th record. run: 10000003 subRun: 600 event: 5999065 at 24-Oct-2016 17:09:21 BST
%MSG-d RANDOM:  PostSource 24-Oct-2016 17:09:21 BST  run: 10000003 subRun: 600 event: 5999065
RNGservice::takeSnapshot_() of the following engine labels:
 |

%MSG
Begin processing the 71st record. run: 10000003 subRun: 600 event: 5999070 at 24-Oct-2016 17:09:21 BST
%MSG-d RANDOM:  PostSource 24-Oct-2016 17:09:21 BST  run: 10000003 subRun: 600 event: 5999070
RNGservice::takeSnapshot_() of the following engine labels:
 |

%MSG
Begin processing the 72nd record. run: 10000003 subRun: 600 event: 5999140 at 24-Oct-2016 17:09:21 BST
%MSG-d RANDOM:  PostSource 24-Oct-2016 17:09:21 BST  run: 10000003 subRun: 600 event: 5999140
RNGservice::takeSnapshot_() of the following engine labels:
 |

%MSG
Begin processing the 73rd record. run: 10000003 subRun: 600 event: 5999223 at 24-Oct-2016 17:09:21 BST
%MSG-d RANDOM:  PostSource 24-Oct-2016 17:09:21 BST  run: 10000003 subRun: 600 event: 5999223
RNGservice::takeSnapshot_() of the following engine labels:
 |

%MSG
Begin processing the 74th record. run: 10000003 subRun: 600 event: 5999270 at 24-Oct-2016 17:09:21 BST
%MSG-d RANDOM:  PostSource 24-Oct-2016 17:09:21 BST  run: 10000003 subRun: 600 event: 5999270
RNGservice::takeSnapshot_() of the following engine labels:
 |

%MSG
Begin processing the 75th record. run: 10000003 subRun: 600 event: 5999327 at 24-Oct-2016 17:09:21 BST
%MSG-d RANDOM:  PostSource 24-Oct-2016 17:09:21 BST  run: 10000003 subRun: 600 event: 5999327
RNGservice::takeSnapshot_() of the following engine labels:
 |

%MSG
Begin processing the 76th record. run: 10000003 subRun: 600 event: 5999671 at 24-Oct-2016 17:09:21 BST
%MSG-d RANDOM:  PostSource 24-Oct-2016 17:09:22 BST  run: 10000003 subRun: 600 event: 5999671
RNGservice::takeSnapshot_() of the following engine labels:
 |

%MSG
Begin processing the 77th record. run: 10000003 subRun: 600 event: 5999790 at 24-Oct-2016 17:09:22 BST
%MSG-d RANDOM:  PostSource 24-Oct-2016 17:09:22 BST  run: 10000003 subRun: 600 event: 5999790
RNGservice::takeSnapshot_() of the following engine labels:
 |

%MSG
Begin processing the 78th record. run: 10000003 subRun: 600 event: 5999874 at 24-Oct-2016 17:09:22 BST
%MSG-d RANDOM:  PostSource 24-Oct-2016 17:09:22 BST  run: 10000003 subRun: 600 event: 5999874
RNGservice::takeSnapshot_() of the following engine labels:
 |

%MSG
Begin processing the 79th record. run: 10000003 subRun: 600 event: 5999927 at 24-Oct-2016 17:09:22 BST
%MSG-d RANDOM:  PostSource 24-Oct-2016 17:09:22 BST  run: 10000003 subRun: 600 event: 5999927
RNGservice::takeSnapshot_() of the following engine labels:
 |

%MSG
24-Oct-2016 17:09:22 BST  Closed input file "/data/wallbank/dune/35t/mc/countermu/prodcosmics_dune35t_milliblock_countermu_599_20161017T232909_gen_c311cb13-9f4f-4529-9f2a-c4119c57aa82_20161018T110811_g4_countermu.root"

TrigReport ---------- Event  Summary ------------
TrigReport Events total = 79 passed = 79 failed = 0

TrigReport ------ Modules in End-Path: end_path ------------
TrigReport  Trig Bit#    Visited     Passed     Failed      Error Name
TrigReport     0    0         79         79          0          0 pi0ana

TimeReport ---------- Time  Summary ---[sec]----
TimeReport CPU = 0.013000 Real = 0.013401

====================================================================================================================
TimeTracker printout (sec)            Min           Avg           Max         Median          RMS         nEvts   
====================================================================================================================
Full event                        8.9732e-05    0.000180906   0.00237331    0.000114306   0.000289145      79     
--------------------------------------------------------------------------------------------------------------------
end_path:pi0ana:Pi0Analysis       1.7182e-05    9.46357e-05   0.00208863     3.711e-05    0.000262604      79     
====================================================================================================================

MemoryReport> Peak virtual size 867.559 Mbytes
Key events increasing vsize:
[1] run: 10000003 subRun: 600 event: 5990403  vsize = 834.441 deltaVsize = 18.9336
[2] run: 10000003 subRun: 600 event: 5993356  vsize = 867.559 deltaVsize = 13.5117
[3] run: 10000003 subRun: 600 event: 5990442  vsize = 854.047 deltaVsize = 8.17188
[4] run: 10000003 subRun: 600 event: 5990421  vsize = 845.875 deltaVsize = 7.28906
[5] run: 10000003 subRun: 600 event: 5990404  vsize = 838.586 deltaVsize = 4.14453

Key events with largest vsize:
[1] run: 10000003 subRun: 600 event: 5999927  vsize = 867.559
[2] run: 10000003 subRun: 600 event: 5999874  vsize = 867.559
[3] run: 10000003 subRun: 600 event: 5999790  vsize = 867.559

%MSG-d RANDOM:  Pi0Analysis:pi0ana@EndJob 24-Oct-2016 17:09:22 BST PostEndRun
RNGservice::takeSnapshot_() of the following engine labels:
 |

%MSG
%MSG-i LArSeedService:  Pi0Analysis:pi0ana@EndJob 24-Oct-2016 17:09:22 BST  PostEndRun

Summary of seeds computed by the LArSeedService
Random policy: 'random'
  master seed: 264511495
  seed within: [ 1 ; 900000000 ]

%MSG
