%MSG-i MF_INIT_OK:  lar 26-Jul-2016 13:57:11 BST JobSetup
Messagelogger initialization complete.
%MSG
%MSG-w CONFIG:  lar 26-Jul-2016 13:57:15 BST JobSetup
Use of services.user parameter set is deprecated.
Define all services in services parameter set.
%MSG
%MSG-i Root_Information:  lar TGeoManager::Import() 26-Jul-2016 13:57:16 BST  JobSetup
Reading geometry from file: /home/wallbank/larsoft-base/prof/localProducts_larsoft_v06_00_01_e10_prof/dunetpc/v06_00_01/gdml/dune35t4apa_v6.gdml
%MSG
%MSG-i Root_Information:  lar TGeoManager::TGeoManager()  26-Jul-2016 13:57:16 BST JobSetup
Geometry GDMLImport, Geometry imported from GDML created
%MSG
%MSG-i Root_Information:  lar TGeoManager::SetTopVolume()  26-Jul-2016 13:57:17 BST JobSetup
Top volume is volWorld. Master volume is volWorld
%MSG
%MSG-i Root_Information:  lar TGeoNavigator::BuildCache()  26-Jul-2016 13:57:17 BST JobSetup
--- Maximum geometry depth set to 100
%MSG
%MSG-i Root_Information:  lar TGeoManager::CheckGeometry()  26-Jul-2016 13:57:17 BST JobSetup
Fixing runtime shapes...
%MSG
%MSG-i Root_Information:  lar TGeoManager::CheckGeometry()  26-Jul-2016 13:57:17 BST JobSetup
...Nothing to fix
%MSG
%MSG-i Root_Information:  lar TGeoManager::CloseGeometry()  26-Jul-2016 13:57:17 BST JobSetup
Counting nodes...
%MSG
%MSG-i Root_Information:  lar TGeoManager::Voxelize() 26-Jul-2016 13:57:17 BST  JobSetup
Voxelizing...
%MSG
%MSG-i Root_Information:  lar TGeoManager::CloseGeometry()  26-Jul-2016 13:57:17 BST JobSetup
Building cache...
%MSG
%MSG-i Root_Information:  lar TGeoManager::CountLevels()  26-Jul-2016 13:57:17 BST JobSetup
max level = 5, max placements = 359
%MSG
%MSG-i Root_Information:  lar TGeoManager::CloseGeometry()  26-Jul-2016 13:57:17 BST JobSetup
5627 nodes/ 2528 volume UID's in Geometry imported from GDML
%MSG
%MSG-i Root_Information:  lar TGeoManager::CloseGeometry()  26-Jul-2016 13:57:17 BST JobSetup
----------------modeler ready----------------
%MSG
%MSG-i GeometryCore:  lar 26-Jul-2016 13:57:17 BST JobSetup
New detector geometry loaded from 
	/home/wallbank/larsoft-base/prof/localProducts_larsoft_v06_00_01_e10_prof/dunetpc/v06_00_01/gdml/dune35t4apa_v6.gdml
	/home/wallbank/larsoft-base/prof/localProducts_larsoft_v06_00_01_e10_prof/dunetpc/v06_00_01/gdml/dune35t4apa_v6_nowires.gdml

%MSG
%MSG-i ChannelMap35OptAlg:  lar 26-Jul-2016 13:57:17 BST JobSetup
Sorting...
%MSG
%MSG-i ChannelMap35OptAlg:  lar 26-Jul-2016 13:57:17 BST JobSetup
Initializing...
%MSG
fNchannels = 2048
U channels per APA = 144
V channels per APA = 144
Z channels per APA side = 112
%MSG-i SimpleChannelStatusService:  lar 26-Jul-2016 13:57:17 BST JobSetup
Loaded from configuration:
  - 259 bad channels
  - 0 noisy channels
  - largest channel ID: 2047, largest present: 2047
%MSG
%MSG-i setupProvider<DetectorPropertiesStandard>:  lar 26-Jul-2016 13:57:17 BST  JobSetup
Asked to ignore 1 keys: 'InheritNumberTimeSamples'
%MSG
%MSG-i SignalShapingServiceDUNE:  lar 26-Jul-2016 13:57:17 BST JobSetup
Getting Filter from .fcl file
%MSG
%MSG-i SignalShapingServiceDUNE:  lar 26-Jul-2016 13:57:17 BST JobSetup
 using the field response provided from a .root file 
%MSG
%MSG-w CONFIG:  lar 26-Jul-2016 13:57:17 BST JobSetup

 <<< 'SimpleMemoryCheck' is deprecated.  Please use 'MemoryTracker'. >>>

%MSG
26-Jul-2016 13:57:17 BST  Initiating request to open file /data/wallbank/dune/35t/data/Sliced_And_Filtered/EW/014427/reco.root
26-Jul-2016 13:57:18 BST  Successfully opened file /data/wallbank/dune/35t/data/Sliced_And_Filtered/EW/014427/reco.root
%MSG-w LoadNewGeometry:  PostSourceRun 26-Jul-2016 13:57:21 BST run: 14427
cannot find sumdata::RunData object to grab detector name
this is expected if generating MC files
using default geometry from configuration file

%MSG
Begin processing the 1st record. run: 14427 subRun: 1 event: 5 at 26-Jul-2016 13:57:22 BST
%MSG-d RANDOM:  PostSource 26-Jul-2016 13:57:22 BST  run: 14427 subRun: 1 event: 5
RNGservice::takeSnapshot_() of the following engine labels:
 |

%MSG
Begin processing the 2nd record. run: 14427 subRun: 1 event: 16 at 26-Jul-2016 13:57:22 BST
%MSG-w MemoryCheck:  Source 26-Jul-2016 13:57:22 BST PostProcessEvent
MemoryCheck: module source:source VSIZE 905.633 0 RSS 264.273 0.0078125

%MSG
%MSG-d RANDOM:  PostSource 26-Jul-2016 13:57:22 BST  run: 14427 subRun: 1 event: 16
RNGservice::takeSnapshot_() of the following engine labels:
 |

%MSG
%MSG-w MemoryCheck:  APACrossingMuons:apacrossing 26-Jul-2016 13:57:22 BST  run: 14427 subRun: 1 event: 16
MemoryCheck: module APACrossingMuons:apacrossing VSIZE 905.633 0 RSS 264.293 0.0195312

%MSG
Begin processing the 3rd record. run: 14427 subRun: 1 event: 51 at 26-Jul-2016 13:57:22 BST
%MSG-w MemoryCheck:  Source 26-Jul-2016 13:57:22 BST PostProcessEvent
MemoryCheck: module source:source VSIZE 905.633 0 RSS 264.297 0.00390625

%MSG
%MSG-d RANDOM:  PostSource 26-Jul-2016 13:57:22 BST  run: 14427 subRun: 1 event: 51
RNGservice::takeSnapshot_() of the following engine labels:
 |

%MSG
26-Jul-2016 13:57:22 BST  Closed file /data/wallbank/dune/35t/data/Sliced_And_Filtered/EW/014427/reco.root
26-Jul-2016 13:57:22 BST  Initiating request to open file /data/wallbank/dune/35t/data/Sliced_And_Filtered/EW/014428/reco.root
26-Jul-2016 13:57:22 BST  Successfully opened file /data/wallbank/dune/35t/data/Sliced_And_Filtered/EW/014428/reco.root
%MSG-w LoadNewGeometry:  PostSourceRun 26-Jul-2016 13:57:22 BST run: 14428
cannot find sumdata::RunData object to grab detector name
this is expected if generating MC files
using default geometry from configuration file

%MSG
Begin processing the 4th record. run: 14428 subRun: 1 event: 9 at 26-Jul-2016 13:57:23 BST
%MSG-w MemoryCheck:  Source 26-Jul-2016 13:57:23 BST PostBeginSubRun
MemoryCheck: module source:source VSIZE 906.633 1 RSS 265.023 0.726562

%MSG
%MSG-d RANDOM:  PostSource 26-Jul-2016 13:57:23 BST  run: 14428 subRun: 1 event: 9
RNGservice::takeSnapshot_() of the following engine labels:
 |

%MSG
%MSG-w MemoryCheck:  APACrossingMuons:apacrossing 26-Jul-2016 13:57:23 BST  run: 14428 subRun: 1 event: 9
MemoryCheck: module APACrossingMuons:apacrossing VSIZE 906.91 0.277344 RSS 265.234 0.210938

%MSG
26-Jul-2016 13:57:23 BST  Closed file /data/wallbank/dune/35t/data/Sliced_And_Filtered/EW/014428/reco.root
26-Jul-2016 13:57:23 BST  Initiating request to open file /data/wallbank/dune/35t/data/Sliced_And_Filtered/EW/014434/reco.root
26-Jul-2016 13:57:23 BST  Successfully opened file /data/wallbank/dune/35t/data/Sliced_And_Filtered/EW/014434/reco.root
%MSG-w LoadNewGeometry:  PostSourceRun 26-Jul-2016 13:57:23 BST run: 14434
cannot find sumdata::RunData object to grab detector name
this is expected if generating MC files
using default geometry from configuration file

%MSG
Begin processing the 5th record. run: 14434 subRun: 1 event: 10 at 26-Jul-2016 13:57:23 BST
%MSG-w MemoryCheck:  Source 26-Jul-2016 13:57:23 BST PostBeginSubRun
MemoryCheck: module source:source VSIZE 907.91 1 RSS 265.371 0.136719

%MSG
%MSG-d RANDOM:  PostSource 26-Jul-2016 13:57:23 BST  run: 14434 subRun: 1 event: 10
RNGservice::takeSnapshot_() of the following engine labels:
 |

%MSG
%MSG-w MemoryCheck:  APACrossingMuons:apacrossing 26-Jul-2016 13:57:24 BST  run: 14434 subRun: 1 event: 10
MemoryCheck: module APACrossingMuons:apacrossing VSIZE 907.91 0 RSS 265.449 0.078125

%MSG
26-Jul-2016 13:57:24 BST  Closed file /data/wallbank/dune/35t/data/Sliced_And_Filtered/EW/014434/reco.root
26-Jul-2016 13:57:24 BST  Initiating request to open file /data/wallbank/dune/35t/data/Sliced_And_Filtered/EW/014435/reco.root
26-Jul-2016 13:57:24 BST  Successfully opened file /data/wallbank/dune/35t/data/Sliced_And_Filtered/EW/014435/reco.root
%MSG-w LoadNewGeometry:  PostSourceRun 26-Jul-2016 13:57:24 BST run: 14435
cannot find sumdata::RunData object to grab detector name
this is expected if generating MC files
using default geometry from configuration file

%MSG
Begin processing the 6th record. run: 14435 subRun: 1 event: 57 at 26-Jul-2016 13:57:24 BST
%MSG-w MemoryCheck:  Source 26-Jul-2016 13:57:24 BST PostBeginSubRun
MemoryCheck: module source:source VSIZE 908.91 1 RSS 265.453 0.00390625

%MSG
%MSG-d RANDOM:  PostSource 26-Jul-2016 13:57:24 BST  run: 14435 subRun: 1 event: 57
RNGservice::takeSnapshot_() of the following engine labels:
 |

%MSG
%MSG-w MemoryCheck:  APACrossingMuons:apacrossing 26-Jul-2016 13:57:24 BST  run: 14435 subRun: 1 event: 57
MemoryCheck: module APACrossingMuons:apacrossing VSIZE 909.051 0.140625 RSS 265.5 0.046875

%MSG
26-Jul-2016 13:57:24 BST  Closed file /data/wallbank/dune/35t/data/Sliced_And_Filtered/EW/014435/reco.root
26-Jul-2016 13:57:24 BST  Initiating request to open file /data/wallbank/dune/35t/data/Sliced_And_Filtered/EW/014436/reco.root
26-Jul-2016 13:57:24 BST  Successfully opened file /data/wallbank/dune/35t/data/Sliced_And_Filtered/EW/014436/reco.root
%MSG-w LoadNewGeometry:  PostSourceRun 26-Jul-2016 13:57:24 BST run: 14436
cannot find sumdata::RunData object to grab detector name
this is expected if generating MC files
using default geometry from configuration file

%MSG
Begin processing the 7th record. run: 14436 subRun: 1 event: 33 at 26-Jul-2016 13:57:25 BST
%MSG-w MemoryCheck:  Source 26-Jul-2016 13:57:25 BST PostBeginSubRun
MemoryCheck: module source:source VSIZE 910.051 1 RSS 265.5 0

%MSG
%MSG-d RANDOM:  PostSource 26-Jul-2016 13:57:25 BST  run: 14436 subRun: 1 event: 33
RNGservice::takeSnapshot_() of the following engine labels:
 |

%MSG
%MSG-w MemoryCheck:  APACrossingMuons:apacrossing 26-Jul-2016 13:57:25 BST  run: 14436 subRun: 1 event: 33
MemoryCheck: module APACrossingMuons:apacrossing VSIZE 910.051 0 RSS 265.605 0.105469

%MSG
Begin processing the 8th record. run: 14436 subRun: 1 event: 54 at 26-Jul-2016 13:57:25 BST
%MSG-d RANDOM:  PostSource 26-Jul-2016 13:57:25 BST  run: 14436 subRun: 1 event: 54
RNGservice::takeSnapshot_() of the following engine labels:
 |

%MSG
%MSG-w MemoryCheck:  APACrossingMuons:apacrossing 26-Jul-2016 13:57:25 BST  run: 14436 subRun: 1 event: 54
MemoryCheck: module APACrossingMuons:apacrossing VSIZE 910.051 0 RSS 265.613 0.0078125

%MSG
Begin processing the 9th record. run: 14436 subRun: 1 event: 66 at 26-Jul-2016 13:57:25 BST
%MSG-d RANDOM:  PostSource 26-Jul-2016 13:57:25 BST  run: 14436 subRun: 1 event: 66
RNGservice::takeSnapshot_() of the following engine labels:
 |

%MSG
%MSG-w MemoryCheck:  APACrossingMuons:apacrossing 26-Jul-2016 13:57:25 BST  run: 14436 subRun: 1 event: 66
MemoryCheck: module APACrossingMuons:apacrossing VSIZE 910.051 0 RSS 265.633 0.0195312

%MSG
Begin processing the 10th record. run: 14436 subRun: 1 event: 79 at 26-Jul-2016 13:57:25 BST
%MSG-d RANDOM:  PostSource 26-Jul-2016 13:57:25 BST  run: 14436 subRun: 1 event: 79
RNGservice::takeSnapshot_() of the following engine labels:
 |

%MSG
26-Jul-2016 13:57:25 BST  Closed file /data/wallbank/dune/35t/data/Sliced_And_Filtered/EW/014436/reco.root
26-Jul-2016 13:57:25 BST  Initiating request to open file /data/wallbank/dune/35t/data/Sliced_And_Filtered/EW/014437/reco.root
26-Jul-2016 13:57:25 BST  Successfully opened file /data/wallbank/dune/35t/data/Sliced_And_Filtered/EW/014437/reco.root
%MSG-w LoadNewGeometry:  PostSourceRun 26-Jul-2016 13:57:25 BST run: 14437
cannot find sumdata::RunData object to grab detector name
this is expected if generating MC files
using default geometry from configuration file

%MSG
Begin processing the 11th record. run: 14437 subRun: 1 event: 42 at 26-Jul-2016 13:57:26 BST
%MSG-w MemoryCheck:  Source 26-Jul-2016 13:57:26 BST PostBeginSubRun
MemoryCheck: module source:source VSIZE 911.051 1 RSS 265.641 0.0078125

%MSG
%MSG-d RANDOM:  PostSource 26-Jul-2016 13:57:26 BST  run: 14437 subRun: 1 event: 42
RNGservice::takeSnapshot_() of the following engine labels:
 |

%MSG
%MSG-w MemoryCheck:  APACrossingMuons:apacrossing 26-Jul-2016 13:57:26 BST  run: 14437 subRun: 1 event: 42
MemoryCheck: module APACrossingMuons:apacrossing VSIZE 911.215 0.164062 RSS 265.723 0.0820312

%MSG
26-Jul-2016 13:57:26 BST  Closed file /data/wallbank/dune/35t/data/Sliced_And_Filtered/EW/014437/reco.root
26-Jul-2016 13:57:26 BST  Initiating request to open file /data/wallbank/dune/35t/data/Sliced_And_Filtered/EW/014438/reco.root
26-Jul-2016 13:57:26 BST  Successfully opened file /data/wallbank/dune/35t/data/Sliced_And_Filtered/EW/014438/reco.root
%MSG-w LoadNewGeometry:  PostSourceRun 26-Jul-2016 13:57:26 BST run: 14438
cannot find sumdata::RunData object to grab detector name
this is expected if generating MC files
using default geometry from configuration file

%MSG
Begin processing the 12th record. run: 14438 subRun: 1 event: 10 at 26-Jul-2016 13:57:26 BST
%MSG-w MemoryCheck:  Source 26-Jul-2016 13:57:26 BST PostBeginSubRun
MemoryCheck: module source:source VSIZE 912.215 1 RSS 265.723 0

%MSG
%MSG-d RANDOM:  PostSource 26-Jul-2016 13:57:26 BST  run: 14438 subRun: 1 event: 10
RNGservice::takeSnapshot_() of the following engine labels:
 |

%MSG
26-Jul-2016 13:57:27 BST  Closed file /data/wallbank/dune/35t/data/Sliced_And_Filtered/EW/014438/reco.root
26-Jul-2016 13:57:27 BST  Initiating request to open file /data/wallbank/dune/35t/data/Sliced_And_Filtered/EW/014439/reco.root
26-Jul-2016 13:57:27 BST  Successfully opened file /data/wallbank/dune/35t/data/Sliced_And_Filtered/EW/014439/reco.root
%MSG-w LoadNewGeometry:  PostSourceRun 26-Jul-2016 13:57:27 BST run: 14439
cannot find sumdata::RunData object to grab detector name
this is expected if generating MC files
using default geometry from configuration file

%MSG
Begin processing the 13th record. run: 14439 subRun: 1 event: 68 at 26-Jul-2016 13:57:27 BST
%MSG-w MemoryCheck:  Source 26-Jul-2016 13:57:27 BST PostBeginSubRun
MemoryCheck: module source:source VSIZE 913.215 1 RSS 265.723 0

%MSG
%MSG-d RANDOM:  PostSource 26-Jul-2016 13:57:27 BST  run: 14439 subRun: 1 event: 68
RNGservice::takeSnapshot_() of the following engine labels:
 |

%MSG
%MSG-w MemoryCheck:  APACrossingMuons:apacrossing 26-Jul-2016 13:57:27 BST  run: 14439 subRun: 1 event: 68
MemoryCheck: module APACrossingMuons:apacrossing VSIZE 913.215 0 RSS 265.852 0.128906

%MSG
26-Jul-2016 13:57:27 BST  Closed file /data/wallbank/dune/35t/data/Sliced_And_Filtered/EW/014439/reco.root
26-Jul-2016 13:57:27 BST  Initiating request to open file /data/wallbank/dune/35t/data/Sliced_And_Filtered/EW/014441/reco.root
26-Jul-2016 13:57:27 BST  Successfully opened file /data/wallbank/dune/35t/data/Sliced_And_Filtered/EW/014441/reco.root
%MSG-w LoadNewGeometry:  PostSourceRun 26-Jul-2016 13:57:27 BST run: 14441
cannot find sumdata::RunData object to grab detector name
this is expected if generating MC files
using default geometry from configuration file

%MSG
26-Jul-2016 13:57:28 BST  Closed file /data/wallbank/dune/35t/data/Sliced_And_Filtered/EW/014441/reco.root
26-Jul-2016 13:57:28 BST  Initiating request to open file /data/wallbank/dune/35t/data/Sliced_And_Filtered/EW/014442/reco.root
26-Jul-2016 13:57:28 BST  Successfully opened file /data/wallbank/dune/35t/data/Sliced_And_Filtered/EW/014442/reco.root
%MSG-w LoadNewGeometry:  PostSourceRun 26-Jul-2016 13:57:28 BST run: 14442
cannot find sumdata::RunData object to grab detector name
this is expected if generating MC files
using default geometry from configuration file

%MSG
26-Jul-2016 13:57:29 BST  Closed file /data/wallbank/dune/35t/data/Sliced_And_Filtered/EW/014442/reco.root
26-Jul-2016 13:57:29 BST  Initiating request to open file /data/wallbank/dune/35t/data/Sliced_And_Filtered/EW/014443/reco.root
26-Jul-2016 13:57:29 BST  Successfully opened file /data/wallbank/dune/35t/data/Sliced_And_Filtered/EW/014443/reco.root
%MSG-w LoadNewGeometry:  PostSourceRun 26-Jul-2016 13:57:29 BST run: 14443
cannot find sumdata::RunData object to grab detector name
this is expected if generating MC files
using default geometry from configuration file

%MSG
26-Jul-2016 13:57:29 BST  Closed file /data/wallbank/dune/35t/data/Sliced_And_Filtered/EW/014443/reco.root
26-Jul-2016 13:57:29 BST  Initiating request to open file /data/wallbank/dune/35t/data/Sliced_And_Filtered/EW/014444/reco.root
26-Jul-2016 13:57:29 BST  Successfully opened file /data/wallbank/dune/35t/data/Sliced_And_Filtered/EW/014444/reco.root
%MSG-w LoadNewGeometry:  PostSourceRun 26-Jul-2016 13:57:29 BST run: 14444
cannot find sumdata::RunData object to grab detector name
this is expected if generating MC files
using default geometry from configuration file

%MSG
Begin processing the 14th record. run: 14444 subRun: 1 event: 27 at 26-Jul-2016 13:57:30 BST
%MSG-w MemoryCheck:  Source 26-Jul-2016 13:57:30 BST PostBeginSubRun
MemoryCheck: module source:source VSIZE 917.215 4 RSS 265.852 0

%MSG
%MSG-d RANDOM:  PostSource 26-Jul-2016 13:57:30 BST  run: 14444 subRun: 1 event: 27
RNGservice::takeSnapshot_() of the following engine labels:
 |

%MSG
Begin processing the 15th record. run: 14444 subRun: 1 event: 35 at 26-Jul-2016 13:57:30 BST
%MSG-d RANDOM:  PostSource 26-Jul-2016 13:57:30 BST  run: 14444 subRun: 1 event: 35
RNGservice::takeSnapshot_() of the following engine labels:
 |

%MSG
%MSG-w MemoryCheck:  APACrossingMuons:apacrossing 26-Jul-2016 13:57:30 BST  run: 14444 subRun: 1 event: 35
MemoryCheck: module APACrossingMuons:apacrossing VSIZE 917.348 0.132812 RSS 265.859 0.0078125

%MSG
Begin processing the 16th record. run: 14444 subRun: 1 event: 50 at 26-Jul-2016 13:57:30 BST
%MSG-d RANDOM:  PostSource 26-Jul-2016 13:57:30 BST  run: 14444 subRun: 1 event: 50
RNGservice::takeSnapshot_() of the following engine labels:
 |

%MSG
26-Jul-2016 13:57:30 BST  Closed file /data/wallbank/dune/35t/data/Sliced_And_Filtered/EW/014444/reco.root
26-Jul-2016 13:57:30 BST  Initiating request to open file /data/wallbank/dune/35t/data/Sliced_And_Filtered/EW/014445/reco.root
26-Jul-2016 13:57:30 BST  Successfully opened file /data/wallbank/dune/35t/data/Sliced_And_Filtered/EW/014445/reco.root
%MSG-w LoadNewGeometry:  PostSourceRun 26-Jul-2016 13:57:30 BST run: 14445
cannot find sumdata::RunData object to grab detector name
this is expected if generating MC files
using default geometry from configuration file

%MSG
26-Jul-2016 13:57:31 BST  Closed file /data/wallbank/dune/35t/data/Sliced_And_Filtered/EW/014445/reco.root
26-Jul-2016 13:57:31 BST  Initiating request to open file /data/wallbank/dune/35t/data/Sliced_And_Filtered/EW/014446/reco.root
26-Jul-2016 13:57:31 BST  Successfully opened file /data/wallbank/dune/35t/data/Sliced_And_Filtered/EW/014446/reco.root
%MSG-w LoadNewGeometry:  PostSourceRun 26-Jul-2016 13:57:31 BST run: 14446
cannot find sumdata::RunData object to grab detector name
this is expected if generating MC files
using default geometry from configuration file

%MSG
Begin processing the 17th record. run: 14446 subRun: 1 event: 1 at 26-Jul-2016 13:57:32 BST
%MSG-w MemoryCheck:  Source 26-Jul-2016 13:57:32 BST PostBeginSubRun
MemoryCheck: module source:source VSIZE 919.348 2 RSS 265.859 0

%MSG
%MSG-d RANDOM:  PostSource 26-Jul-2016 13:57:32 BST  run: 14446 subRun: 1 event: 1
RNGservice::takeSnapshot_() of the following engine labels:
 |

%MSG
26-Jul-2016 13:57:32 BST  Closed file /data/wallbank/dune/35t/data/Sliced_And_Filtered/EW/014446/reco.root
26-Jul-2016 13:57:32 BST  Initiating request to open file /data/wallbank/dune/35t/data/Sliced_And_Filtered/EW/014447/reco.root
26-Jul-2016 13:57:32 BST  Successfully opened file /data/wallbank/dune/35t/data/Sliced_And_Filtered/EW/014447/reco.root
%MSG-w LoadNewGeometry:  PostSourceRun 26-Jul-2016 13:57:32 BST run: 14447
cannot find sumdata::RunData object to grab detector name
this is expected if generating MC files
using default geometry from configuration file

%MSG
Begin processing the 18th record. run: 14447 subRun: 1 event: 4 at 26-Jul-2016 13:57:32 BST
%MSG-w MemoryCheck:  Source 26-Jul-2016 13:57:32 BST PostBeginSubRun
MemoryCheck: module source:source VSIZE 920.348 1 RSS 265.859 0

%MSG
%MSG-d RANDOM:  PostSource 26-Jul-2016 13:57:32 BST  run: 14447 subRun: 1 event: 4
RNGservice::takeSnapshot_() of the following engine labels:
 |

%MSG
%MSG-w MemoryCheck:  APACrossingMuons:apacrossing 26-Jul-2016 13:57:32 BST  run: 14447 subRun: 1 event: 4
MemoryCheck: module APACrossingMuons:apacrossing VSIZE 920.348 0 RSS 265.902 0.0429688

%MSG
Begin processing the 19th record. run: 14447 subRun: 1 event: 12 at 26-Jul-2016 13:57:32 BST
%MSG-d RANDOM:  PostSource 26-Jul-2016 13:57:32 BST  run: 14447 subRun: 1 event: 12
RNGservice::takeSnapshot_() of the following engine labels:
 |

%MSG
%MSG-w MemoryCheck:  APACrossingMuons:apacrossing 26-Jul-2016 13:57:32 BST  run: 14447 subRun: 1 event: 12
MemoryCheck: module APACrossingMuons:apacrossing VSIZE 920.348 0 RSS 265.938 0.0351562

%MSG
26-Jul-2016 13:57:32 BST  Closed file /data/wallbank/dune/35t/data/Sliced_And_Filtered/EW/014447/reco.root
26-Jul-2016 13:57:32 BST  Initiating request to open file /data/wallbank/dune/35t/data/Sliced_And_Filtered/EW/014448/reco.root
26-Jul-2016 13:57:32 BST  Successfully opened file /data/wallbank/dune/35t/data/Sliced_And_Filtered/EW/014448/reco.root
%MSG-w LoadNewGeometry:  PostSourceRun 26-Jul-2016 13:57:32 BST run: 14448
cannot find sumdata::RunData object to grab detector name
this is expected if generating MC files
using default geometry from configuration file

%MSG
Begin processing the 20th record. run: 14448 subRun: 1 event: 3 at 26-Jul-2016 13:57:33 BST
%MSG-w MemoryCheck:  Source 26-Jul-2016 13:57:33 BST PostBeginSubRun
MemoryCheck: module source:source VSIZE 921.348 1 RSS 265.938 0

%MSG
%MSG-d RANDOM:  PostSource 26-Jul-2016 13:57:33 BST  run: 14448 subRun: 1 event: 3
RNGservice::takeSnapshot_() of the following engine labels:
 |

%MSG
Begin processing the 21st record. run: 14448 subRun: 1 event: 42 at 26-Jul-2016 13:57:33 BST
%MSG-d RANDOM:  PostSource 26-Jul-2016 13:57:33 BST  run: 14448 subRun: 1 event: 42
RNGservice::takeSnapshot_() of the following engine labels:
 |

%MSG
Begin processing the 22nd record. run: 14448 subRun: 1 event: 85 at 26-Jul-2016 13:57:33 BST
%MSG-d RANDOM:  PostSource 26-Jul-2016 13:57:33 BST  run: 14448 subRun: 1 event: 85
RNGservice::takeSnapshot_() of the following engine labels:
 |

%MSG
26-Jul-2016 13:57:33 BST  Closed file /data/wallbank/dune/35t/data/Sliced_And_Filtered/EW/014448/reco.root
26-Jul-2016 13:57:33 BST  Initiating request to open file /data/wallbank/dune/35t/data/Sliced_And_Filtered/EW/014449/reco.root
26-Jul-2016 13:57:33 BST  Successfully opened file /data/wallbank/dune/35t/data/Sliced_And_Filtered/EW/014449/reco.root
%MSG-w LoadNewGeometry:  PostSourceRun 26-Jul-2016 13:57:33 BST run: 14449
cannot find sumdata::RunData object to grab detector name
this is expected if generating MC files
using default geometry from configuration file

%MSG
Begin processing the 23rd record. run: 14449 subRun: 1 event: 71 at 26-Jul-2016 13:57:34 BST
%MSG-w MemoryCheck:  Source 26-Jul-2016 13:57:34 BST PostBeginSubRun
MemoryCheck: module source:source VSIZE 922.348 1 RSS 265.949 0.0117188

%MSG
%MSG-d RANDOM:  PostSource 26-Jul-2016 13:57:34 BST  run: 14449 subRun: 1 event: 71
RNGservice::takeSnapshot_() of the following engine labels:
 |

%MSG
26-Jul-2016 13:57:34 BST  Closed file /data/wallbank/dune/35t/data/Sliced_And_Filtered/EW/014449/reco.root
26-Jul-2016 13:57:34 BST  Initiating request to open file /data/wallbank/dune/35t/data/Sliced_And_Filtered/EW/014450/reco.root
26-Jul-2016 13:57:34 BST  Successfully opened file /data/wallbank/dune/35t/data/Sliced_And_Filtered/EW/014450/reco.root
%MSG-w LoadNewGeometry:  PostSourceRun 26-Jul-2016 13:57:34 BST run: 14450
cannot find sumdata::RunData object to grab detector name
this is expected if generating MC files
using default geometry from configuration file

%MSG
26-Jul-2016 13:57:35 BST  Closed file /data/wallbank/dune/35t/data/Sliced_And_Filtered/EW/014450/reco.root
26-Jul-2016 13:57:35 BST  Initiating request to open file /data/wallbank/dune/35t/data/Sliced_And_Filtered/EW/014451/reco.root
26-Jul-2016 13:57:35 BST  Successfully opened file /data/wallbank/dune/35t/data/Sliced_And_Filtered/EW/014451/reco.root
%MSG-w LoadNewGeometry:  PostSourceRun 26-Jul-2016 13:57:35 BST run: 14451
cannot find sumdata::RunData object to grab detector name
this is expected if generating MC files
using default geometry from configuration file

%MSG
26-Jul-2016 13:57:35 BST  Closed file /data/wallbank/dune/35t/data/Sliced_And_Filtered/EW/014451/reco.root
26-Jul-2016 13:57:35 BST  Initiating request to open file /data/wallbank/dune/35t/data/Sliced_And_Filtered/EW/014452/reco.root
26-Jul-2016 13:57:35 BST  Successfully opened file /data/wallbank/dune/35t/data/Sliced_And_Filtered/EW/014452/reco.root
%MSG-w LoadNewGeometry:  PostSourceRun 26-Jul-2016 13:57:35 BST run: 14452
cannot find sumdata::RunData object to grab detector name
this is expected if generating MC files
using default geometry from configuration file

%MSG
26-Jul-2016 13:57:36 BST  Closed file /data/wallbank/dune/35t/data/Sliced_And_Filtered/EW/014452/reco.root
26-Jul-2016 13:57:36 BST  Initiating request to open file /data/wallbank/dune/35t/data/Sliced_And_Filtered/EW/014453/reco.root
26-Jul-2016 13:57:36 BST  Successfully opened file /data/wallbank/dune/35t/data/Sliced_And_Filtered/EW/014453/reco.root
%MSG-w LoadNewGeometry:  PostSourceRun 26-Jul-2016 13:57:36 BST run: 14453
cannot find sumdata::RunData object to grab detector name
this is expected if generating MC files
using default geometry from configuration file

%MSG
Begin processing the 24th record. run: 14453 subRun: 1 event: 19 at 26-Jul-2016 13:57:37 BST
%MSG-w MemoryCheck:  Source 26-Jul-2016 13:57:37 BST PostBeginSubRun
MemoryCheck: module source:source VSIZE 926.348 4 RSS 265.949 0

%MSG
%MSG-d RANDOM:  PostSource 26-Jul-2016 13:57:37 BST  run: 14453 subRun: 1 event: 19
RNGservice::takeSnapshot_() of the following engine labels:
 |

%MSG
26-Jul-2016 13:57:37 BST  Closed file /data/wallbank/dune/35t/data/Sliced_And_Filtered/EW/014453/reco.root
26-Jul-2016 13:57:37 BST  Initiating request to open file /data/wallbank/dune/35t/data/Sliced_And_Filtered/EW/014454/reco.root
26-Jul-2016 13:57:37 BST  Successfully opened file /data/wallbank/dune/35t/data/Sliced_And_Filtered/EW/014454/reco.root
%MSG-w LoadNewGeometry:  PostSourceRun 26-Jul-2016 13:57:37 BST run: 14454
cannot find sumdata::RunData object to grab detector name
this is expected if generating MC files
using default geometry from configuration file

%MSG
26-Jul-2016 13:57:37 BST  Closed file /data/wallbank/dune/35t/data/Sliced_And_Filtered/EW/014454/reco.root
26-Jul-2016 13:57:37 BST  Initiating request to open file /data/wallbank/dune/35t/data/Sliced_And_Filtered/EW/014455/reco.root
26-Jul-2016 13:57:37 BST  Successfully opened file /data/wallbank/dune/35t/data/Sliced_And_Filtered/EW/014455/reco.root
%MSG-w LoadNewGeometry:  PostSourceRun 26-Jul-2016 13:57:37 BST run: 14455
cannot find sumdata::RunData object to grab detector name
this is expected if generating MC files
using default geometry from configuration file

%MSG
26-Jul-2016 13:57:38 BST  Closed file /data/wallbank/dune/35t/data/Sliced_And_Filtered/EW/014455/reco.root
26-Jul-2016 13:57:38 BST  Initiating request to open file /data/wallbank/dune/35t/data/Sliced_And_Filtered/EW/014456/reco.root
26-Jul-2016 13:57:38 BST  Successfully opened file /data/wallbank/dune/35t/data/Sliced_And_Filtered/EW/014456/reco.root
%MSG-w LoadNewGeometry:  PostSourceRun 26-Jul-2016 13:57:38 BST run: 14456
cannot find sumdata::RunData object to grab detector name
this is expected if generating MC files
using default geometry from configuration file

%MSG
Begin processing the 25th record. run: 14456 subRun: 1 event: 53 at 26-Jul-2016 13:57:39 BST
%MSG-w MemoryCheck:  Source 26-Jul-2016 13:57:39 BST PostBeginSubRun
MemoryCheck: module source:source VSIZE 929.348 3 RSS 265.949 0

%MSG
%MSG-d RANDOM:  PostSource 26-Jul-2016 13:57:39 BST  run: 14456 subRun: 1 event: 53
RNGservice::takeSnapshot_() of the following engine labels:
 |

%MSG
%MSG-w MemoryCheck:  APACrossingMuons:apacrossing 26-Jul-2016 13:57:39 BST  run: 14456 subRun: 1 event: 53
MemoryCheck: module APACrossingMuons:apacrossing VSIZE 929.348 0 RSS 265.984 0.0351562

%MSG
Begin processing the 26th record. run: 14456 subRun: 1 event: 79 at 26-Jul-2016 13:57:39 BST
%MSG-d RANDOM:  PostSource 26-Jul-2016 13:57:39 BST  run: 14456 subRun: 1 event: 79
RNGservice::takeSnapshot_() of the following engine labels:
 |

%MSG
%MSG-w MemoryCheck:  APACrossingMuons:apacrossing 26-Jul-2016 13:57:39 BST  run: 14456 subRun: 1 event: 79
MemoryCheck: module APACrossingMuons:apacrossing VSIZE 929.348 0 RSS 265.988 0.00390625

%MSG
26-Jul-2016 13:57:39 BST  Closed file /data/wallbank/dune/35t/data/Sliced_And_Filtered/EW/014456/reco.root
26-Jul-2016 13:57:39 BST  Initiating request to open file /data/wallbank/dune/35t/data/Sliced_And_Filtered/EW/014457/reco.root
26-Jul-2016 13:57:39 BST  Successfully opened file /data/wallbank/dune/35t/data/Sliced_And_Filtered/EW/014457/reco.root
%MSG-w LoadNewGeometry:  PostSourceRun 26-Jul-2016 13:57:39 BST run: 14457
cannot find sumdata::RunData object to grab detector name
this is expected if generating MC files
using default geometry from configuration file

%MSG
Begin processing the 27th record. run: 14457 subRun: 1 event: 13 at 26-Jul-2016 13:57:40 BST
%MSG-w MemoryCheck:  Source 26-Jul-2016 13:57:40 BST PostBeginSubRun
MemoryCheck: module source:source VSIZE 930.348 1 RSS 265.988 0

%MSG
%MSG-d RANDOM:  PostSource 26-Jul-2016 13:57:40 BST  run: 14457 subRun: 1 event: 13
RNGservice::takeSnapshot_() of the following engine labels:
 |

%MSG
%MSG-w MemoryCheck:  APACrossingMuons:apacrossing 26-Jul-2016 13:57:40 BST  run: 14457 subRun: 1 event: 13
MemoryCheck: module APACrossingMuons:apacrossing VSIZE 930.348 0 RSS 265.992 0.00390625

%MSG
26-Jul-2016 13:57:40 BST  Closed file /data/wallbank/dune/35t/data/Sliced_And_Filtered/EW/014457/reco.root
26-Jul-2016 13:57:40 BST  Initiating request to open file /data/wallbank/dune/35t/data/Sliced_And_Filtered/EW/014458/reco.root
26-Jul-2016 13:57:40 BST  Successfully opened file /data/wallbank/dune/35t/data/Sliced_And_Filtered/EW/014458/reco.root
%MSG-w LoadNewGeometry:  PostSourceRun 26-Jul-2016 13:57:40 BST run: 14458
cannot find sumdata::RunData object to grab detector name
this is expected if generating MC files
using default geometry from configuration file

%MSG
26-Jul-2016 13:57:40 BST  Closed file /data/wallbank/dune/35t/data/Sliced_And_Filtered/EW/014458/reco.root
26-Jul-2016 13:57:40 BST  Initiating request to open file /data/wallbank/dune/35t/data/Sliced_And_Filtered/EW/014459/reco.root
26-Jul-2016 13:57:40 BST  Successfully opened file /data/wallbank/dune/35t/data/Sliced_And_Filtered/EW/014459/reco.root
%MSG-w LoadNewGeometry:  PostSourceRun 26-Jul-2016 13:57:40 BST run: 14459
cannot find sumdata::RunData object to grab detector name
this is expected if generating MC files
using default geometry from configuration file

%MSG
26-Jul-2016 13:57:41 BST  Closed file /data/wallbank/dune/35t/data/Sliced_And_Filtered/EW/014459/reco.root
26-Jul-2016 13:57:41 BST  Initiating request to open file /data/wallbank/dune/35t/data/Sliced_And_Filtered/EW/014460/reco.root
26-Jul-2016 13:57:41 BST  Successfully opened file /data/wallbank/dune/35t/data/Sliced_And_Filtered/EW/014460/reco.root
%MSG-w LoadNewGeometry:  PostSourceRun 26-Jul-2016 13:57:41 BST run: 14460
cannot find sumdata::RunData object to grab detector name
this is expected if generating MC files
using default geometry from configuration file

%MSG
Begin processing the 28th record. run: 14460 subRun: 1 event: 63 at 26-Jul-2016 13:57:42 BST
%MSG-w MemoryCheck:  Source 26-Jul-2016 13:57:42 BST PostBeginSubRun
MemoryCheck: module source:source VSIZE 933.348 3 RSS 265.992 0

%MSG
%MSG-d RANDOM:  PostSource 26-Jul-2016 13:57:42 BST  run: 14460 subRun: 1 event: 63
RNGservice::takeSnapshot_() of the following engine labels:
 |

%MSG
%MSG-w MemoryCheck:  APACrossingMuons:apacrossing 26-Jul-2016 13:57:42 BST  run: 14460 subRun: 1 event: 63
MemoryCheck: module APACrossingMuons:apacrossing VSIZE 933.348 0 RSS 266.023 0.03125

%MSG
26-Jul-2016 13:57:42 BST  Closed file /data/wallbank/dune/35t/data/Sliced_And_Filtered/EW/014460/reco.root
26-Jul-2016 13:57:42 BST  Initiating request to open file /data/wallbank/dune/35t/data/Sliced_And_Filtered/EW/014461/reco.root
26-Jul-2016 13:57:42 BST  Successfully opened file /data/wallbank/dune/35t/data/Sliced_And_Filtered/EW/014461/reco.root
%MSG-w LoadNewGeometry:  PostSourceRun 26-Jul-2016 13:57:42 BST run: 14461
cannot find sumdata::RunData object to grab detector name
this is expected if generating MC files
using default geometry from configuration file

%MSG
Begin processing the 29th record. run: 14461 subRun: 1 event: 13 at 26-Jul-2016 13:57:43 BST
%MSG-w MemoryCheck:  Source 26-Jul-2016 13:57:43 BST PostBeginSubRun
MemoryCheck: module source:source VSIZE 934.348 1 RSS 266.023 0

%MSG
%MSG-d RANDOM:  PostSource 26-Jul-2016 13:57:43 BST  run: 14461 subRun: 1 event: 13
RNGservice::takeSnapshot_() of the following engine labels:
 |

%MSG
%MSG-w MemoryCheck:  APACrossingMuons:apacrossing 26-Jul-2016 13:57:43 BST  run: 14461 subRun: 1 event: 13
MemoryCheck: module APACrossingMuons:apacrossing VSIZE 934.504 0.15625 RSS 266.051 0.0273438

%MSG
Begin processing the 30th record. run: 14461 subRun: 1 event: 90 at 26-Jul-2016 13:57:43 BST
%MSG-d RANDOM:  PostSource 26-Jul-2016 13:57:43 BST  run: 14461 subRun: 1 event: 90
RNGservice::takeSnapshot_() of the following engine labels:
 |

%MSG
26-Jul-2016 13:57:43 BST  Closed file /data/wallbank/dune/35t/data/Sliced_And_Filtered/EW/014461/reco.root
26-Jul-2016 13:57:43 BST  Initiating request to open file /data/wallbank/dune/35t/data/Sliced_And_Filtered/EW/014462/reco.root
26-Jul-2016 13:57:43 BST  Successfully opened file /data/wallbank/dune/35t/data/Sliced_And_Filtered/EW/014462/reco.root
%MSG-w LoadNewGeometry:  PostSourceRun 26-Jul-2016 13:57:43 BST run: 14462
cannot find sumdata::RunData object to grab detector name
this is expected if generating MC files
using default geometry from configuration file

%MSG
Begin processing the 31st record. run: 14462 subRun: 1 event: 57 at 26-Jul-2016 13:57:44 BST
%MSG-w MemoryCheck:  Source 26-Jul-2016 13:57:44 BST PostBeginSubRun
MemoryCheck: module source:source VSIZE 935.504 1 RSS 266.051 0

%MSG
%MSG-d RANDOM:  PostSource 26-Jul-2016 13:57:44 BST  run: 14462 subRun: 1 event: 57
RNGservice::takeSnapshot_() of the following engine labels:
 |

%MSG
%MSG-w MemoryCheck:  APACrossingMuons:apacrossing 26-Jul-2016 13:57:44 BST  run: 14462 subRun: 1 event: 57
MemoryCheck: module APACrossingMuons:apacrossing VSIZE 935.668 0.164062 RSS 266.184 0.132812

%MSG
Begin processing the 32nd record. run: 14462 subRun: 1 event: 61 at 26-Jul-2016 13:57:44 BST
%MSG-d RANDOM:  PostSource 26-Jul-2016 13:57:44 BST  run: 14462 subRun: 1 event: 61
RNGservice::takeSnapshot_() of the following engine labels:
 |

%MSG
%MSG-w MemoryCheck:  APACrossingMuons:apacrossing 26-Jul-2016 13:57:44 BST  run: 14462 subRun: 1 event: 61
MemoryCheck: module APACrossingMuons:apacrossing VSIZE 935.668 0 RSS 266.227 0.0429688

%MSG
26-Jul-2016 13:57:44 BST  Closed file /data/wallbank/dune/35t/data/Sliced_And_Filtered/EW/014462/reco.root
26-Jul-2016 13:57:44 BST  Initiating request to open file /data/wallbank/dune/35t/data/Sliced_And_Filtered/EW/014463/reco.root
26-Jul-2016 13:57:44 BST  Successfully opened file /data/wallbank/dune/35t/data/Sliced_And_Filtered/EW/014463/reco.root
%MSG-w LoadNewGeometry:  PostSourceRun 26-Jul-2016 13:57:44 BST run: 14463
cannot find sumdata::RunData object to grab detector name
this is expected if generating MC files
using default geometry from configuration file

%MSG
26-Jul-2016 13:57:46 BST  Closed file /data/wallbank/dune/35t/data/Sliced_And_Filtered/EW/014463/reco.root
26-Jul-2016 13:57:46 BST  Initiating request to open file /data/wallbank/dune/35t/data/Sliced_And_Filtered/EW/014464/reco.root
26-Jul-2016 13:57:46 BST  Successfully opened file /data/wallbank/dune/35t/data/Sliced_And_Filtered/EW/014464/reco.root
%MSG-w LoadNewGeometry:  PostSourceRun 26-Jul-2016 13:57:46 BST run: 14464
cannot find sumdata::RunData object to grab detector name
this is expected if generating MC files
using default geometry from configuration file

%MSG
26-Jul-2016 13:57:47 BST  Closed file /data/wallbank/dune/35t/data/Sliced_And_Filtered/EW/014464/reco.root
26-Jul-2016 13:57:47 BST  Initiating request to open file /data/wallbank/dune/35t/data/Sliced_And_Filtered/EW/014465/reco.root
26-Jul-2016 13:57:47 BST  Successfully opened file /data/wallbank/dune/35t/data/Sliced_And_Filtered/EW/014465/reco.root
%MSG-w LoadNewGeometry:  PostSourceRun 26-Jul-2016 13:57:47 BST run: 14465
cannot find sumdata::RunData object to grab detector name
this is expected if generating MC files
using default geometry from configuration file

%MSG
Begin processing the 33rd record. run: 14465 subRun: 1 event: 52 at 26-Jul-2016 13:57:48 BST
%MSG-w MemoryCheck:  Source 26-Jul-2016 13:57:48 BST PostBeginSubRun
MemoryCheck: module source:source VSIZE 938.668 3 RSS 266.227 0

%MSG
%MSG-d RANDOM:  PostSource 26-Jul-2016 13:57:48 BST  run: 14465 subRun: 1 event: 52
RNGservice::takeSnapshot_() of the following engine labels:
 |

%MSG
%MSG-w MemoryCheck:  APACrossingMuons:apacrossing 26-Jul-2016 13:57:48 BST  run: 14465 subRun: 1 event: 52
MemoryCheck: module APACrossingMuons:apacrossing VSIZE 938.668 0 RSS 266.254 0.0273438

%MSG
26-Jul-2016 13:57:48 BST  Closed file /data/wallbank/dune/35t/data/Sliced_And_Filtered/EW/014465/reco.root
26-Jul-2016 13:57:48 BST  Initiating request to open file /data/wallbank/dune/35t/data/Sliced_And_Filtered/EW/014466/reco.root
26-Jul-2016 13:57:48 BST  Successfully opened file /data/wallbank/dune/35t/data/Sliced_And_Filtered/EW/014466/reco.root
%MSG-w LoadNewGeometry:  PostSourceRun 26-Jul-2016 13:57:48 BST run: 14466
cannot find sumdata::RunData object to grab detector name
this is expected if generating MC files
using default geometry from configuration file

%MSG
Begin processing the 34th record. run: 14466 subRun: 1 event: 61 at 26-Jul-2016 13:57:49 BST
%MSG-w MemoryCheck:  Source 26-Jul-2016 13:57:49 BST PostBeginSubRun
MemoryCheck: module source:source VSIZE 939.668 1 RSS 266.254 0

%MSG
%MSG-d RANDOM:  PostSource 26-Jul-2016 13:57:49 BST  run: 14466 subRun: 1 event: 61
RNGservice::takeSnapshot_() of the following engine labels:
 |

%MSG
26-Jul-2016 13:57:49 BST  Closed file /data/wallbank/dune/35t/data/Sliced_And_Filtered/EW/014466/reco.root
26-Jul-2016 13:57:49 BST  Initiating request to open file /data/wallbank/dune/35t/data/Sliced_And_Filtered/EW/014467/reco.root
26-Jul-2016 13:57:49 BST  Successfully opened file /data/wallbank/dune/35t/data/Sliced_And_Filtered/EW/014467/reco.root
%MSG-w LoadNewGeometry:  PostSourceRun 26-Jul-2016 13:57:49 BST run: 14467
cannot find sumdata::RunData object to grab detector name
this is expected if generating MC files
using default geometry from configuration file

%MSG
Begin processing the 35th record. run: 14467 subRun: 1 event: 27 at 26-Jul-2016 13:57:51 BST
%MSG-w MemoryCheck:  Source 26-Jul-2016 13:57:51 BST PostBeginSubRun
MemoryCheck: module source:source VSIZE 940.668 1 RSS 266.254 0

%MSG
%MSG-d RANDOM:  PostSource 26-Jul-2016 13:57:51 BST  run: 14467 subRun: 1 event: 27
RNGservice::takeSnapshot_() of the following engine labels:
 |

%MSG
%MSG-w MemoryCheck:  APACrossingMuons:apacrossing 26-Jul-2016 13:57:51 BST  run: 14467 subRun: 1 event: 27
MemoryCheck: module APACrossingMuons:apacrossing VSIZE 940.668 0 RSS 266.277 0.0234375

%MSG
26-Jul-2016 13:57:51 BST  Closed file /data/wallbank/dune/35t/data/Sliced_And_Filtered/EW/014467/reco.root
26-Jul-2016 13:57:51 BST  Initiating request to open file /data/wallbank/dune/35t/data/Sliced_And_Filtered/EW/014468/reco.root
26-Jul-2016 13:57:51 BST  Successfully opened file /data/wallbank/dune/35t/data/Sliced_And_Filtered/EW/014468/reco.root
%MSG-w LoadNewGeometry:  PostSourceRun 26-Jul-2016 13:57:51 BST run: 14468
cannot find sumdata::RunData object to grab detector name
this is expected if generating MC files
using default geometry from configuration file

%MSG
26-Jul-2016 13:57:52 BST  Closed file /data/wallbank/dune/35t/data/Sliced_And_Filtered/EW/014468/reco.root
26-Jul-2016 13:57:52 BST  Initiating request to open file /data/wallbank/dune/35t/data/Sliced_And_Filtered/EW/014469/reco.root
26-Jul-2016 13:57:52 BST  Successfully opened file /data/wallbank/dune/35t/data/Sliced_And_Filtered/EW/014469/reco.root
%MSG-w LoadNewGeometry:  PostSourceRun 26-Jul-2016 13:57:52 BST run: 14469
cannot find sumdata::RunData object to grab detector name
this is expected if generating MC files
using default geometry from configuration file

%MSG
26-Jul-2016 13:57:53 BST  Closed file /data/wallbank/dune/35t/data/Sliced_And_Filtered/EW/014469/reco.root
26-Jul-2016 13:57:53 BST  Initiating request to open file /data/wallbank/dune/35t/data/Sliced_And_Filtered/EW/014470/reco.root
26-Jul-2016 13:57:53 BST  Successfully opened file /data/wallbank/dune/35t/data/Sliced_And_Filtered/EW/014470/reco.root
%MSG-w LoadNewGeometry:  PostSourceRun 26-Jul-2016 13:57:53 BST run: 14470
cannot find sumdata::RunData object to grab detector name
this is expected if generating MC files
using default geometry from configuration file

%MSG
26-Jul-2016 13:57:54 BST  Closed file /data/wallbank/dune/35t/data/Sliced_And_Filtered/EW/014470/reco.root

TrigReport ---------- Event  Summary ------------
TrigReport Events total = 35 passed = 35 failed = 0

TrigReport ------ Modules in End-Path: end_path ------------
TrigReport  Trig Bit#    Visited     Passed     Failed      Error Name
TrigReport     0    0         35         35          0          0 apacrossing

TimeReport ---------- Time  Summary ---[sec]----
TimeReport CPU = 1.265830 Real = 1.170825

===========================================================================================================================
TimeTracker printout (sec)                   Min           Avg           Max         Median          RMS         nEvts   
===========================================================================================================================
Full event                               0.000339369    0.0361803     0.0909005     0.0250873     0.0317826       35     
---------------------------------------------------------------------------------------------------------------------------
end_path:apacrossing:APACrossingMuons    0.000297017    0.0360553     0.0908395     0.0249939     0.0318052       35     
===========================================================================================================================

MemoryReport> Peak virtual size 940.668 Mbytes
Key events increasing vsize:
[1] run: 14453 subRun: 1 event: 19  vsize = 926.348 deltaVsize = 4
[2] run: 14444 subRun: 1 event: 27  vsize = 917.215 deltaVsize = 4
[3] run: 14465 subRun: 1 event: 52  vsize = 938.668 deltaVsize = 3
[4] run: 14460 subRun: 1 event: 63  vsize = 933.348 deltaVsize = 3
[5] run: 14456 subRun: 1 event: 53  vsize = 929.348 deltaVsize = 3

Key events with largest vsize:
[1] run: 14467 subRun: 1 event: 27  vsize = 940.668
[2] run: 14466 subRun: 1 event: 61  vsize = 939.668
[3] run: 14465 subRun: 1 event: 52  vsize = 938.668

%MSG-d RANDOM:  APACrossingMuons:apacrossing@EndJob 26-Jul-2016 13:57:54 BST  PostEndRun
RNGservice::takeSnapshot_() of the following engine labels:
 |

%MSG
%MSG-i LArSeedService:  APACrossingMuons:apacrossing@EndJob  26-Jul-2016 13:57:54 BST PostEndRun

Summary of seeds computed by the LArSeedService
Random policy: 'random'
  master seed: 366221527
  seed within: [ 1 ; 900000000 ]

%MSG
